2026-03-11 20:26:30,053 - INFO - Using device: cuda:0
2026-03-11 20:26:30,054 - INFO - Loaded BAT config from model_config/bat_config/ensemble_test_os_config.yaml
2026-03-11 20:26:30,054 - INFO - Dataset: Openstack, model_save_path: checkpoints/ensemble_os
2026-03-11 20:26:30,054 - INFO - Total checkpoints (ensemble size): 81
2026-03-11 20:26:30,065 - INFO - Loaded 81 model thresholds from model_config/qbat_config/ensemble_config_os.yaml
2026-03-11 20:26:30,065 - INFO - Loading selected data from ../Edge/prediction_results/os_selected.txt
2026-03-11 20:26:30,072 - INFO - Selected windows shape: (155, 100, 10)
2026-03-11 20:26:30,109 - INFO - 
=== Predicting with model 1/81: e3_k3_l3_b32 ===
2026-03-11 20:26:30,455 - WARNING - Checkpoint not found: checkpoints/ensemble_os/Openstack_e3_k3_l3_b32_checkpoint.pth, skipping this model.
2026-03-11 20:26:30,455 - INFO - 
=== Predicting with model 2/81: e3_k3_l3_b64 ===
2026-03-11 20:26:30,677 - WARNING - Checkpoint not found: checkpoints/ensemble_os/Openstack_e3_k3_l3_b64_checkpoint.pth, skipping this model.
2026-03-11 20:26:30,678 - INFO - 
=== Predicting with model 3/81: e3_k3_l3_b96 ===
2026-03-11 20:26:30,896 - WARNING - Checkpoint not found: checkpoints/ensemble_os/Openstack_e3_k3_l3_b96_checkpoint.pth, skipping this model.
2026-03-11 20:26:30,896 - INFO - 
=== Predicting with model 4/81: e3_k3_l6_b32 ===
2026-03-11 20:26:31,363 - WARNING - Checkpoint not found: checkpoints/ensemble_os/Openstack_e3_k3_l6_b32_checkpoint.pth, skipping this model.
2026-03-11 20:26:31,363 - INFO - 
=== Predicting with model 5/81: e3_k3_l6_b64 ===
2026-03-11 20:26:31,841 - WARNING - Checkpoint not found: checkpoints/ensemble_os/Openstack_e3_k3_l6_b64_checkpoint.pth, skipping this model.
2026-03-11 20:26:31,841 - INFO - 
=== Predicting with model 6/81: e3_k3_l6_b96 ===
2026-03-11 20:26:32,258 - WARNING - Checkpoint not found: checkpoints/ensemble_os/Openstack_e3_k3_l6_b96_checkpoint.pth, skipping this model.
2026-03-11 20:26:32,258 - INFO - 
=== Predicting with model 7/81: e3_k3_l8_b32 ===
2026-03-11 20:26:32,813 - WARNING - Checkpoint not found: checkpoints/ensemble_os/Openstack_e3_k3_l8_b32_checkpoint.pth, skipping this model.
2026-03-11 20:26:32,813 - INFO - 
=== Predicting with model 8/81: e3_k3_l8_b64 ===
2026-03-11 20:26:33,381 - WARNING - Checkpoint not found: checkpoints/ensemble_os/Openstack_e3_k3_l8_b64_checkpoint.pth, skipping this model.
2026-03-11 20:26:33,381 - INFO - 
=== Predicting with model 9/81: e3_k3_l8_b96 ===
2026-03-11 20:26:33,961 - WARNING - Checkpoint not found: checkpoints/ensemble_os/Openstack_e3_k3_l8_b96_checkpoint.pth, skipping this model.
2026-03-11 20:26:33,961 - INFO - 
=== Predicting with model 10/81: e3_k4_l3_b32 ===
2026-03-11 20:26:34,178 - WARNING - Checkpoint not found: checkpoints/ensemble_os/Openstack_e3_k4_l3_b32_checkpoint.pth, skipping this model.
2026-03-11 20:26:34,178 - INFO - 
=== Predicting with model 11/81: e3_k4_l3_b64 ===
2026-03-11 20:26:34,388 - WARNING - Checkpoint not found: checkpoints/ensemble_os/Openstack_e3_k4_l3_b64_checkpoint.pth, skipping this model.
2026-03-11 20:26:34,388 - INFO - 
=== Predicting with model 12/81: e3_k4_l3_b96 ===
2026-03-11 20:26:34,601 - WARNING - Checkpoint not found: checkpoints/ensemble_os/Openstack_e3_k4_l3_b96_checkpoint.pth, skipping this model.
2026-03-11 20:26:34,601 - INFO - 
=== Predicting with model 13/81: e3_k4_l6_b32 ===
2026-03-11 20:26:35,014 - WARNING - Checkpoint not found: checkpoints/ensemble_os/Openstack_e3_k4_l6_b32_checkpoint.pth, skipping this model.
2026-03-11 20:26:35,014 - INFO - 
=== Predicting with model 14/81: e3_k4_l6_b64 ===
2026-03-11 20:26:35,429 - WARNING - Checkpoint not found: checkpoints/ensemble_os/Openstack_e3_k4_l6_b64_checkpoint.pth, skipping this model.
2026-03-11 20:26:35,429 - INFO - 
=== Predicting with model 15/81: e3_k4_l6_b96 ===
2026-03-11 20:26:35,841 - WARNING - Checkpoint not found: checkpoints/ensemble_os/Openstack_e3_k4_l6_b96_checkpoint.pth, skipping this model.
2026-03-11 20:26:35,841 - INFO - 
=== Predicting with model 16/81: e3_k4_l8_b32 ===
2026-03-11 20:26:36,389 - WARNING - Checkpoint not found: checkpoints/ensemble_os/Openstack_e3_k4_l8_b32_checkpoint.pth, skipping this model.
2026-03-11 20:26:36,389 - INFO - 
=== Predicting with model 17/81: e3_k4_l8_b64 ===
2026-03-11 20:26:36,939 - WARNING - Checkpoint not found: checkpoints/ensemble_os/Openstack_e3_k4_l8_b64_checkpoint.pth, skipping this model.
2026-03-11 20:26:36,939 - INFO - 
=== Predicting with model 18/81: e3_k4_l8_b96 ===
2026-03-11 20:26:37,488 - WARNING - Checkpoint not found: checkpoints/ensemble_os/Openstack_e3_k4_l8_b96_checkpoint.pth, skipping this model.
2026-03-11 20:26:37,488 - INFO - 
=== Predicting with model 19/81: e3_k5_l3_b32 ===
2026-03-11 20:26:37,700 - WARNING - Checkpoint not found: checkpoints/ensemble_os/Openstack_e3_k5_l3_b32_checkpoint.pth, skipping this model.
2026-03-11 20:26:37,700 - INFO - 
=== Predicting with model 20/81: e3_k5_l3_b64 ===
2026-03-11 20:26:37,912 - WARNING - Checkpoint not found: checkpoints/ensemble_os/Openstack_e3_k5_l3_b64_checkpoint.pth, skipping this model.
2026-03-11 20:26:37,912 - INFO - 
=== Predicting with model 21/81: e3_k5_l3_b96 ===
2026-03-11 20:26:38,122 - WARNING - Checkpoint not found: checkpoints/ensemble_os/Openstack_e3_k5_l3_b96_checkpoint.pth, skipping this model.
2026-03-11 20:26:38,122 - INFO - 
=== Predicting with model 22/81: e3_k5_l6_b32 ===
2026-03-11 20:26:38,537 - WARNING - Checkpoint not found: checkpoints/ensemble_os/Openstack_e3_k5_l6_b32_checkpoint.pth, skipping this model.
2026-03-11 20:26:38,537 - INFO - 
=== Predicting with model 23/81: e3_k5_l6_b64 ===
2026-03-11 20:26:38,952 - WARNING - Checkpoint not found: checkpoints/ensemble_os/Openstack_e3_k5_l6_b64_checkpoint.pth, skipping this model.
2026-03-11 20:26:38,952 - INFO - 
=== Predicting with model 24/81: e3_k5_l6_b96 ===
2026-03-11 20:26:39,369 - WARNING - Checkpoint not found: checkpoints/ensemble_os/Openstack_e3_k5_l6_b96_checkpoint.pth, skipping this model.
2026-03-11 20:26:39,369 - INFO - 
=== Predicting with model 25/81: e3_k5_l8_b32 ===
2026-03-11 20:26:39,937 - WARNING - Checkpoint not found: checkpoints/ensemble_os/Openstack_e3_k5_l8_b32_checkpoint.pth, skipping this model.
2026-03-11 20:26:39,937 - INFO - 
=== Predicting with model 26/81: e3_k5_l8_b64 ===
2026-03-11 20:26:40,491 - WARNING - Checkpoint not found: checkpoints/ensemble_os/Openstack_e3_k5_l8_b64_checkpoint.pth, skipping this model.
2026-03-11 20:26:40,491 - INFO - 
=== Predicting with model 27/81: e3_k5_l8_b96 ===
2026-03-11 20:26:41,040 - WARNING - Checkpoint not found: checkpoints/ensemble_os/Openstack_e3_k5_l8_b96_checkpoint.pth, skipping this model.
2026-03-11 20:26:41,040 - INFO - 
=== Predicting with model 28/81: e6_k3_l3_b32 ===
2026-03-11 20:26:41,251 - WARNING - Checkpoint not found: checkpoints/ensemble_os/Openstack_e6_k3_l3_b32_checkpoint.pth, skipping this model.
2026-03-11 20:26:41,251 - INFO - 
=== Predicting with model 29/81: e6_k3_l3_b64 ===
2026-03-11 20:26:41,458 - WARNING - Checkpoint not found: checkpoints/ensemble_os/Openstack_e6_k3_l3_b64_checkpoint.pth, skipping this model.
2026-03-11 20:26:41,458 - INFO - 
=== Predicting with model 30/81: e6_k3_l3_b96 ===
2026-03-11 20:26:41,696 - WARNING - Checkpoint not found: checkpoints/ensemble_os/Openstack_e6_k3_l3_b96_checkpoint.pth, skipping this model.
2026-03-11 20:26:41,697 - INFO - 
=== Predicting with model 31/81: e6_k3_l6_b32 ===
2026-03-11 20:26:42,140 - WARNING - Checkpoint not found: checkpoints/ensemble_os/Openstack_e6_k3_l6_b32_checkpoint.pth, skipping this model.
2026-03-11 20:26:42,140 - INFO - 
=== Predicting with model 32/81: e6_k3_l6_b64 ===
2026-03-11 20:26:42,554 - WARNING - Checkpoint not found: checkpoints/ensemble_os/Openstack_e6_k3_l6_b64_checkpoint.pth, skipping this model.
2026-03-11 20:26:42,555 - INFO - 
=== Predicting with model 33/81: e6_k3_l6_b96 ===
2026-03-11 20:26:42,976 - WARNING - Checkpoint not found: checkpoints/ensemble_os/Openstack_e6_k3_l6_b96_checkpoint.pth, skipping this model.
2026-03-11 20:26:42,976 - INFO - 
=== Predicting with model 34/81: e6_k3_l8_b32 ===
2026-03-11 20:26:43,529 - WARNING - Checkpoint not found: checkpoints/ensemble_os/Openstack_e6_k3_l8_b32_checkpoint.pth, skipping this model.
2026-03-11 20:26:43,529 - INFO - 
=== Predicting with model 35/81: e6_k3_l8_b64 ===
2026-03-11 20:26:44,108 - WARNING - Checkpoint not found: checkpoints/ensemble_os/Openstack_e6_k3_l8_b64_checkpoint.pth, skipping this model.
2026-03-11 20:26:44,108 - INFO - 
=== Predicting with model 36/81: e6_k3_l8_b96 ===
2026-03-11 20:26:44,683 - WARNING - Checkpoint not found: checkpoints/ensemble_os/Openstack_e6_k3_l8_b96_checkpoint.pth, skipping this model.
2026-03-11 20:26:44,683 - INFO - 
=== Predicting with model 37/81: e6_k4_l3_b32 ===
2026-03-11 20:26:44,904 - WARNING - Checkpoint not found: checkpoints/ensemble_os/Openstack_e6_k4_l3_b32_checkpoint.pth, skipping this model.
2026-03-11 20:26:44,905 - INFO - 
=== Predicting with model 38/81: e6_k4_l3_b64 ===
2026-03-11 20:26:45,126 - WARNING - Checkpoint not found: checkpoints/ensemble_os/Openstack_e6_k4_l3_b64_checkpoint.pth, skipping this model.
2026-03-11 20:26:45,126 - INFO - 
=== Predicting with model 39/81: e6_k4_l3_b96 ===
2026-03-11 20:26:45,344 - WARNING - Checkpoint not found: checkpoints/ensemble_os/Openstack_e6_k4_l3_b96_checkpoint.pth, skipping this model.
2026-03-11 20:26:45,344 - INFO - 
=== Predicting with model 40/81: e6_k4_l6_b32 ===
2026-03-11 20:26:45,779 - WARNING - Checkpoint not found: checkpoints/ensemble_os/Openstack_e6_k4_l6_b32_checkpoint.pth, skipping this model.
2026-03-11 20:26:45,779 - INFO - 
=== Predicting with model 41/81: e6_k4_l6_b64 ===
2026-03-11 20:26:46,202 - WARNING - Checkpoint not found: checkpoints/ensemble_os/Openstack_e6_k4_l6_b64_checkpoint.pth, skipping this model.
2026-03-11 20:26:46,202 - INFO - 
=== Predicting with model 42/81: e6_k4_l6_b96 ===
2026-03-11 20:26:46,619 - WARNING - Checkpoint not found: checkpoints/ensemble_os/Openstack_e6_k4_l6_b96_checkpoint.pth, skipping this model.
2026-03-11 20:26:46,619 - INFO - 
=== Predicting with model 43/81: e6_k4_l8_b32 ===
2026-03-11 20:26:47,185 - WARNING - Checkpoint not found: checkpoints/ensemble_os/Openstack_e6_k4_l8_b32_checkpoint.pth, skipping this model.
2026-03-11 20:26:47,185 - INFO - 
=== Predicting with model 44/81: e6_k4_l8_b64 ===
2026-03-11 20:26:47,766 - WARNING - Checkpoint not found: checkpoints/ensemble_os/Openstack_e6_k4_l8_b64_checkpoint.pth, skipping this model.
2026-03-11 20:26:47,766 - INFO - 
=== Predicting with model 45/81: e6_k4_l8_b96 ===
2026-03-11 20:26:48,349 - WARNING - Checkpoint not found: checkpoints/ensemble_os/Openstack_e6_k4_l8_b96_checkpoint.pth, skipping this model.
2026-03-11 20:26:48,349 - INFO - 
=== Predicting with model 46/81: e6_k5_l3_b32 ===
2026-03-11 20:26:48,570 - WARNING - Checkpoint not found: checkpoints/ensemble_os/Openstack_e6_k5_l3_b32_checkpoint.pth, skipping this model.
2026-03-11 20:26:48,570 - INFO - 
=== Predicting with model 47/81: e6_k5_l3_b64 ===
2026-03-11 20:26:48,778 - WARNING - Checkpoint not found: checkpoints/ensemble_os/Openstack_e6_k5_l3_b64_checkpoint.pth, skipping this model.
2026-03-11 20:26:48,779 - INFO - 
=== Predicting with model 48/81: e6_k5_l3_b96 ===
2026-03-11 20:26:48,989 - WARNING - Checkpoint not found: checkpoints/ensemble_os/Openstack_e6_k5_l3_b96_checkpoint.pth, skipping this model.
2026-03-11 20:26:48,989 - INFO - 
=== Predicting with model 49/81: e6_k5_l6_b32 ===
2026-03-11 20:26:49,415 - WARNING - Checkpoint not found: checkpoints/ensemble_os/Openstack_e6_k5_l6_b32_checkpoint.pth, skipping this model.
2026-03-11 20:26:49,415 - INFO - 
=== Predicting with model 50/81: e6_k5_l6_b64 ===
2026-03-11 20:26:49,842 - WARNING - Checkpoint not found: checkpoints/ensemble_os/Openstack_e6_k5_l6_b64_checkpoint.pth, skipping this model.
2026-03-11 20:26:49,842 - INFO - 
=== Predicting with model 51/81: e6_k5_l6_b96 ===
2026-03-11 20:26:50,273 - WARNING - Checkpoint not found: checkpoints/ensemble_os/Openstack_e6_k5_l6_b96_checkpoint.pth, skipping this model.
2026-03-11 20:26:50,273 - INFO - 
=== Predicting with model 52/81: e6_k5_l8_b32 ===
2026-03-11 20:26:50,828 - WARNING - Checkpoint not found: checkpoints/ensemble_os/Openstack_e6_k5_l8_b32_checkpoint.pth, skipping this model.
2026-03-11 20:26:50,828 - INFO - 
=== Predicting with model 53/81: e6_k5_l8_b64 ===
2026-03-11 20:26:51,386 - WARNING - Checkpoint not found: checkpoints/ensemble_os/Openstack_e6_k5_l8_b64_checkpoint.pth, skipping this model.
2026-03-11 20:26:51,386 - INFO - 
=== Predicting with model 54/81: e6_k5_l8_b96 ===
2026-03-11 20:26:51,977 - WARNING - Checkpoint not found: checkpoints/ensemble_os/Openstack_e6_k5_l8_b96_checkpoint.pth, skipping this model.
2026-03-11 20:26:51,977 - INFO - 
=== Predicting with model 55/81: e10_k3_l3_b32 ===
2026-03-11 20:26:52,196 - WARNING - Checkpoint not found: checkpoints/ensemble_os/Openstack_e10_k3_l3_b32_checkpoint.pth, skipping this model.
2026-03-11 20:26:52,197 - INFO - 
=== Predicting with model 56/81: e10_k3_l3_b64 ===
2026-03-11 20:26:52,405 - WARNING - Checkpoint not found: checkpoints/ensemble_os/Openstack_e10_k3_l3_b64_checkpoint.pth, skipping this model.
2026-03-11 20:26:52,405 - INFO - 
=== Predicting with model 57/81: e10_k3_l3_b96 ===
2026-03-11 20:26:52,617 - WARNING - Checkpoint not found: checkpoints/ensemble_os/Openstack_e10_k3_l3_b96_checkpoint.pth, skipping this model.
2026-03-11 20:26:52,617 - INFO - 
=== Predicting with model 58/81: e10_k3_l6_b32 ===
2026-03-11 20:26:53,034 - WARNING - Checkpoint not found: checkpoints/ensemble_os/Openstack_e10_k3_l6_b32_checkpoint.pth, skipping this model.
2026-03-11 20:26:53,034 - INFO - 
=== Predicting with model 59/81: e10_k3_l6_b64 ===
2026-03-11 20:26:53,454 - WARNING - Checkpoint not found: checkpoints/ensemble_os/Openstack_e10_k3_l6_b64_checkpoint.pth, skipping this model.
2026-03-11 20:26:53,454 - INFO - 
=== Predicting with model 60/81: e10_k3_l6_b96 ===
2026-03-11 20:26:53,874 - WARNING - Checkpoint not found: checkpoints/ensemble_os/Openstack_e10_k3_l6_b96_checkpoint.pth, skipping this model.
2026-03-11 20:26:53,874 - INFO - 
=== Predicting with model 61/81: e10_k3_l8_b32 ===
2026-03-11 20:26:54,445 - WARNING - Checkpoint not found: checkpoints/ensemble_os/Openstack_e10_k3_l8_b32_checkpoint.pth, skipping this model.
2026-03-11 20:26:54,446 - INFO - 
=== Predicting with model 62/81: e10_k3_l8_b64 ===
2026-03-11 20:26:55,032 - WARNING - Checkpoint not found: checkpoints/ensemble_os/Openstack_e10_k3_l8_b64_checkpoint.pth, skipping this model.
2026-03-11 20:26:55,032 - INFO - 
=== Predicting with model 63/81: e10_k3_l8_b96 ===
2026-03-11 20:26:55,622 - WARNING - Checkpoint not found: checkpoints/ensemble_os/Openstack_e10_k3_l8_b96_checkpoint.pth, skipping this model.
2026-03-11 20:26:55,622 - INFO - 
=== Predicting with model 64/81: e10_k4_l3_b32 ===
2026-03-11 20:26:55,845 - WARNING - Checkpoint not found: checkpoints/ensemble_os/Openstack_e10_k4_l3_b32_checkpoint.pth, skipping this model.
2026-03-11 20:26:55,845 - INFO - 
=== Predicting with model 65/81: e10_k4_l3_b64 ===
2026-03-11 20:26:56,065 - WARNING - Checkpoint not found: checkpoints/ensemble_os/Openstack_e10_k4_l3_b64_checkpoint.pth, skipping this model.
2026-03-11 20:26:56,065 - INFO - 
=== Predicting with model 66/81: e10_k4_l3_b96 ===
2026-03-11 20:26:56,278 - WARNING - Checkpoint not found: checkpoints/ensemble_os/Openstack_e10_k4_l3_b96_checkpoint.pth, skipping this model.
2026-03-11 20:26:56,278 - INFO - 
=== Predicting with model 67/81: e10_k4_l6_b32 ===
2026-03-11 20:26:56,706 - WARNING - Checkpoint not found: checkpoints/ensemble_os/Openstack_e10_k4_l6_b32_checkpoint.pth, skipping this model.
2026-03-11 20:26:56,706 - INFO - 
=== Predicting with model 68/81: e10_k4_l6_b64 ===
2026-03-11 20:26:57,152 - WARNING - Checkpoint not found: checkpoints/ensemble_os/Openstack_e10_k4_l6_b64_checkpoint.pth, skipping this model.
2026-03-11 20:26:57,152 - INFO - 
=== Predicting with model 69/81: e10_k4_l6_b96 ===
2026-03-11 20:26:57,591 - WARNING - Checkpoint not found: checkpoints/ensemble_os/Openstack_e10_k4_l6_b96_checkpoint.pth, skipping this model.
2026-03-11 20:26:57,591 - INFO - 
=== Predicting with model 70/81: e10_k4_l8_b32 ===
2026-03-11 20:26:58,159 - WARNING - Checkpoint not found: checkpoints/ensemble_os/Openstack_e10_k4_l8_b32_checkpoint.pth, skipping this model.
2026-03-11 20:26:58,159 - INFO - 
=== Predicting with model 71/81: e10_k4_l8_b64 ===
2026-03-11 20:26:58,732 - WARNING - Checkpoint not found: checkpoints/ensemble_os/Openstack_e10_k4_l8_b64_checkpoint.pth, skipping this model.
2026-03-11 20:26:58,732 - INFO - 
=== Predicting with model 72/81: e10_k4_l8_b96 ===
2026-03-11 20:26:59,326 - WARNING - Checkpoint not found: checkpoints/ensemble_os/Openstack_e10_k4_l8_b96_checkpoint.pth, skipping this model.
2026-03-11 20:26:59,326 - INFO - 
=== Predicting with model 73/81: e10_k5_l3_b32 ===
2026-03-11 20:26:59,541 - WARNING - Checkpoint not found: checkpoints/ensemble_os/Openstack_e10_k5_l3_b32_checkpoint.pth, skipping this model.
2026-03-11 20:26:59,542 - INFO - 
=== Predicting with model 74/81: e10_k5_l3_b64 ===
2026-03-11 20:26:59,765 - WARNING - Checkpoint not found: checkpoints/ensemble_os/Openstack_e10_k5_l3_b64_checkpoint.pth, skipping this model.
2026-03-11 20:26:59,765 - INFO - 
=== Predicting with model 75/81: e10_k5_l3_b96 ===
2026-03-11 20:26:59,977 - WARNING - Checkpoint not found: checkpoints/ensemble_os/Openstack_e10_k5_l3_b96_checkpoint.pth, skipping this model.
2026-03-11 20:26:59,977 - INFO - 
=== Predicting with model 76/81: e10_k5_l6_b32 ===
2026-03-11 20:27:00,439 - WARNING - Checkpoint not found: checkpoints/ensemble_os/Openstack_e10_k5_l6_b32_checkpoint.pth, skipping this model.
2026-03-11 20:27:00,439 - INFO - 
=== Predicting with model 77/81: e10_k5_l6_b64 ===
2026-03-11 20:27:00,870 - WARNING - Checkpoint not found: checkpoints/ensemble_os/Openstack_e10_k5_l6_b64_checkpoint.pth, skipping this model.
2026-03-11 20:27:00,871 - INFO - 
=== Predicting with model 78/81: e10_k5_l6_b96 ===
2026-03-11 20:27:01,309 - WARNING - Checkpoint not found: checkpoints/ensemble_os/Openstack_e10_k5_l6_b96_checkpoint.pth, skipping this model.
2026-03-11 20:27:01,309 - INFO - 
=== Predicting with model 79/81: e10_k5_l8_b32 ===
2026-03-11 20:27:01,917 - WARNING - Checkpoint not found: checkpoints/ensemble_os/Openstack_e10_k5_l8_b32_checkpoint.pth, skipping this model.
2026-03-11 20:27:01,917 - INFO - 
=== Predicting with model 80/81: e10_k5_l8_b64 ===
2026-03-11 20:27:02,507 - WARNING - Checkpoint not found: checkpoints/ensemble_os/Openstack_e10_k5_l8_b64_checkpoint.pth, skipping this model.
2026-03-11 20:27:02,507 - INFO - 
=== Predicting with model 81/81: e10_k5_l8_b96 ===
2026-03-11 20:27:03,113 - WARNING - Checkpoint not found: checkpoints/ensemble_os/Openstack_e10_k5_l8_b96_checkpoint.pth, skipping this model.
