2026-03-11 20:29:47,018 - INFO - Using device: cuda:0
2026-03-11 20:29:47,020 - INFO - Loaded BAT config from model_config/bat_config/ensemble_test_os_config.yaml
2026-03-11 20:29:47,020 - INFO - Dataset: Openstack, model_save_path: /home/qinxuan.shi/Desktop/Ensemble/checkpoints/ensemble_os
2026-03-11 20:29:47,020 - INFO - Total checkpoints (ensemble size): 81
2026-03-11 20:29:47,031 - INFO - Loaded 81 model thresholds from model_config/qbat_config/ensemble_config_os.yaml
2026-03-11 20:29:47,031 - INFO - Loading selected data from ../Edge/prediction_results/os_selected.txt
2026-03-11 20:29:47,038 - INFO - Selected windows shape: (155, 100, 10)
2026-03-11 20:29:47,040 - INFO - 
=== Predicting with model 1/81: e3_k1_l3_b32 ===
2026-03-11 20:29:47,362 - INFO - Using threshold 0.018069504125416656 for model Openstack_e3_k1_l3_b32
2026-03-11 20:29:47,362 - INFO - Loading checkpoint from /home/qinxuan.shi/Desktop/Ensemble/checkpoints/ensemble_os/Openstack_e3_k1_l3_b32_checkpoint.pth
2026-03-11 20:29:47,627 - INFO - Energy shape for this model: (15500,)
2026-03-11 20:29:47,627 - INFO - 
=== Predicting with model 2/81: e3_k1_l3_b64 ===
2026-03-11 20:29:47,841 - INFO - Using threshold 0.025898398105800226 for model Openstack_e3_k1_l3_b64
2026-03-11 20:29:47,841 - INFO - Loading checkpoint from /home/qinxuan.shi/Desktop/Ensemble/checkpoints/ensemble_os/Openstack_e3_k1_l3_b64_checkpoint.pth
2026-03-11 20:29:47,963 - INFO - Energy shape for this model: (15500,)
2026-03-11 20:29:47,963 - INFO - 
=== Predicting with model 3/81: e3_k1_l3_b96 ===
2026-03-11 20:29:48,197 - INFO - Using threshold 0.03079617276340746 for model Openstack_e3_k1_l3_b96
2026-03-11 20:29:48,197 - INFO - Loading checkpoint from /home/qinxuan.shi/Desktop/Ensemble/checkpoints/ensemble_os/Openstack_e3_k1_l3_b96_checkpoint.pth
2026-03-11 20:29:48,322 - INFO - Energy shape for this model: (15500,)
2026-03-11 20:29:48,322 - INFO - 
=== Predicting with model 4/81: e3_k1_l6_b32 ===
2026-03-11 20:29:48,764 - INFO - Using threshold 0.023298466877639423 for model Openstack_e3_k1_l6_b32
2026-03-11 20:29:48,764 - INFO - Loading checkpoint from /home/qinxuan.shi/Desktop/Ensemble/checkpoints/ensemble_os/Openstack_e3_k1_l6_b32_checkpoint.pth
2026-03-11 20:29:48,972 - INFO - Energy shape for this model: (15500,)
2026-03-11 20:29:48,972 - INFO - 
=== Predicting with model 5/81: e3_k1_l6_b64 ===
2026-03-11 20:29:49,370 - INFO - Using threshold 0.0382625579953211 for model Openstack_e3_k1_l6_b64
2026-03-11 20:29:49,370 - INFO - Loading checkpoint from /home/qinxuan.shi/Desktop/Ensemble/checkpoints/ensemble_os/Openstack_e3_k1_l6_b64_checkpoint.pth
2026-03-11 20:29:49,577 - INFO - Energy shape for this model: (15500,)
2026-03-11 20:29:49,577 - INFO - 
=== Predicting with model 6/81: e3_k1_l6_b96 ===
2026-03-11 20:29:49,980 - INFO - Using threshold 0.035654228475690164 for model Openstack_e3_k1_l6_b96
2026-03-11 20:29:49,980 - INFO - Loading checkpoint from /home/qinxuan.shi/Desktop/Ensemble/checkpoints/ensemble_os/Openstack_e3_k1_l6_b96_checkpoint.pth
2026-03-11 20:29:50,187 - INFO - Energy shape for this model: (15500,)
2026-03-11 20:29:50,187 - INFO - 
=== Predicting with model 7/81: e3_k1_l8_b32 ===
2026-03-11 20:29:50,725 - INFO - Using threshold 0.032769420802593326 for model Openstack_e3_k1_l8_b32
2026-03-11 20:29:50,725 - INFO - Loading checkpoint from /home/qinxuan.shi/Desktop/Ensemble/checkpoints/ensemble_os/Openstack_e3_k1_l8_b32_checkpoint.pth
2026-03-11 20:29:51,011 - INFO - Energy shape for this model: (15500,)
2026-03-11 20:29:51,011 - INFO - 
=== Predicting with model 8/81: e3_k1_l8_b64 ===
2026-03-11 20:29:51,548 - INFO - Using threshold 0.05065196389854022 for model Openstack_e3_k1_l8_b64
2026-03-11 20:29:51,548 - INFO - Loading checkpoint from /home/qinxuan.shi/Desktop/Ensemble/checkpoints/ensemble_os/Openstack_e3_k1_l8_b64_checkpoint.pth
2026-03-11 20:29:51,821 - INFO - Energy shape for this model: (15500,)
2026-03-11 20:29:51,821 - INFO - 
=== Predicting with model 9/81: e3_k1_l8_b96 ===
2026-03-11 20:29:52,358 - INFO - Using threshold 0.03460473818182952 for model Openstack_e3_k1_l8_b96
2026-03-11 20:29:52,359 - INFO - Loading checkpoint from /home/qinxuan.shi/Desktop/Ensemble/checkpoints/ensemble_os/Openstack_e3_k1_l8_b96_checkpoint.pth
2026-03-11 20:29:52,629 - INFO - Energy shape for this model: (15500,)
2026-03-11 20:29:52,630 - INFO - 
=== Predicting with model 10/81: e3_k3_l3_b32 ===
2026-03-11 20:29:52,844 - INFO - Using threshold 0.06318314784765257 for model Openstack_e3_k3_l3_b32
2026-03-11 20:29:52,844 - INFO - Loading checkpoint from /home/qinxuan.shi/Desktop/Ensemble/checkpoints/ensemble_os/Openstack_e3_k3_l3_b32_checkpoint.pth
2026-03-11 20:29:52,944 - INFO - Energy shape for this model: (15500,)
2026-03-11 20:29:52,944 - INFO - 
=== Predicting with model 11/81: e3_k3_l3_b64 ===
2026-03-11 20:29:53,158 - INFO - Using threshold 0.04482176098823553 for model Openstack_e3_k3_l3_b64
2026-03-11 20:29:53,158 - INFO - Loading checkpoint from /home/qinxuan.shi/Desktop/Ensemble/checkpoints/ensemble_os/Openstack_e3_k3_l3_b64_checkpoint.pth
2026-03-11 20:29:53,257 - INFO - Energy shape for this model: (15500,)
2026-03-11 20:29:53,257 - INFO - 
=== Predicting with model 12/81: e3_k3_l3_b96 ===
2026-03-11 20:29:53,462 - INFO - Using threshold 0.06560380232334408 for model Openstack_e3_k3_l3_b96
2026-03-11 20:29:53,462 - INFO - Loading checkpoint from /home/qinxuan.shi/Desktop/Ensemble/checkpoints/ensemble_os/Openstack_e3_k3_l3_b96_checkpoint.pth
2026-03-11 20:29:53,561 - INFO - Energy shape for this model: (15500,)
2026-03-11 20:29:53,561 - INFO - 
=== Predicting with model 13/81: e3_k3_l6_b32 ===
2026-03-11 20:29:53,981 - INFO - Using threshold 0.03769891098141686 for model Openstack_e3_k3_l6_b32
2026-03-11 20:29:53,981 - INFO - Loading checkpoint from /home/qinxuan.shi/Desktop/Ensemble/checkpoints/ensemble_os/Openstack_e3_k3_l6_b32_checkpoint.pth
2026-03-11 20:29:54,169 - INFO - Energy shape for this model: (15500,)
2026-03-11 20:29:54,170 - INFO - 
=== Predicting with model 14/81: e3_k3_l6_b64 ===
2026-03-11 20:29:54,579 - INFO - Using threshold 0.053600660705567245 for model Openstack_e3_k3_l6_b64
2026-03-11 20:29:54,579 - INFO - Loading checkpoint from /home/qinxuan.shi/Desktop/Ensemble/checkpoints/ensemble_os/Openstack_e3_k3_l6_b64_checkpoint.pth
2026-03-11 20:29:54,767 - INFO - Energy shape for this model: (15500,)
2026-03-11 20:29:54,767 - INFO - 
=== Predicting with model 15/81: e3_k3_l6_b96 ===
2026-03-11 20:29:55,173 - INFO - Using threshold 0.0775091585278532 for model Openstack_e3_k3_l6_b96
2026-03-11 20:29:55,173 - INFO - Loading checkpoint from /home/qinxuan.shi/Desktop/Ensemble/checkpoints/ensemble_os/Openstack_e3_k3_l6_b96_checkpoint.pth
2026-03-11 20:29:55,361 - INFO - Energy shape for this model: (15500,)
2026-03-11 20:29:55,361 - INFO - 
=== Predicting with model 16/81: e3_k3_l8_b32 ===
2026-03-11 20:29:55,945 - INFO - Using threshold 0.05872194790840152 for model Openstack_e3_k3_l8_b32
2026-03-11 20:29:55,945 - INFO - Loading checkpoint from /home/qinxuan.shi/Desktop/Ensemble/checkpoints/ensemble_os/Openstack_e3_k3_l8_b32_checkpoint.pth
2026-03-11 20:29:56,207 - INFO - Energy shape for this model: (15500,)
2026-03-11 20:29:56,208 - INFO - 
=== Predicting with model 17/81: e3_k3_l8_b64 ===
2026-03-11 20:29:56,753 - INFO - Using threshold 0.041580599910021256 for model Openstack_e3_k3_l8_b64
2026-03-11 20:29:56,753 - INFO - Loading checkpoint from /home/qinxuan.shi/Desktop/Ensemble/checkpoints/ensemble_os/Openstack_e3_k3_l8_b64_checkpoint.pth
2026-03-11 20:29:57,017 - INFO - Energy shape for this model: (15500,)
2026-03-11 20:29:57,017 - INFO - 
=== Predicting with model 18/81: e3_k3_l8_b96 ===
2026-03-11 20:29:57,609 - INFO - Using threshold 0.06264206935167689 for model Openstack_e3_k3_l8_b96
2026-03-11 20:29:57,609 - INFO - Loading checkpoint from /home/qinxuan.shi/Desktop/Ensemble/checkpoints/ensemble_os/Openstack_e3_k3_l8_b96_checkpoint.pth
2026-03-11 20:29:57,872 - INFO - Energy shape for this model: (15500,)
2026-03-11 20:29:57,872 - INFO - 
=== Predicting with model 19/81: e3_k5_l3_b32 ===
2026-03-11 20:29:58,108 - INFO - Using threshold 0.044696787205339275 for model Openstack_e3_k5_l3_b32
2026-03-11 20:29:58,108 - INFO - Loading checkpoint from /home/qinxuan.shi/Desktop/Ensemble/checkpoints/ensemble_os/Openstack_e3_k5_l3_b32_checkpoint.pth
2026-03-11 20:29:58,210 - INFO - Energy shape for this model: (15500,)
2026-03-11 20:29:58,211 - INFO - 
=== Predicting with model 20/81: e3_k5_l3_b64 ===
2026-03-11 20:29:58,437 - INFO - Using threshold 0.0749268469810552 for model Openstack_e3_k5_l3_b64
2026-03-11 20:29:58,437 - INFO - Loading checkpoint from /home/qinxuan.shi/Desktop/Ensemble/checkpoints/ensemble_os/Openstack_e3_k5_l3_b64_checkpoint.pth
2026-03-11 20:29:58,535 - INFO - Energy shape for this model: (15500,)
2026-03-11 20:29:58,536 - INFO - 
=== Predicting with model 21/81: e3_k5_l3_b96 ===
2026-03-11 20:29:58,766 - INFO - Using threshold 0.10048860256076123 for model Openstack_e3_k5_l3_b96
2026-03-11 20:29:58,766 - INFO - Loading checkpoint from /home/qinxuan.shi/Desktop/Ensemble/checkpoints/ensemble_os/Openstack_e3_k5_l3_b96_checkpoint.pth
2026-03-11 20:29:58,864 - INFO - Energy shape for this model: (15500,)
2026-03-11 20:29:58,864 - INFO - 
=== Predicting with model 22/81: e3_k5_l6_b32 ===
2026-03-11 20:29:59,285 - INFO - Using threshold 0.04267860399186643 for model Openstack_e3_k5_l6_b32
2026-03-11 20:29:59,285 - INFO - Loading checkpoint from /home/qinxuan.shi/Desktop/Ensemble/checkpoints/ensemble_os/Openstack_e3_k5_l6_b32_checkpoint.pth
2026-03-11 20:29:59,474 - INFO - Energy shape for this model: (15500,)
2026-03-11 20:29:59,474 - INFO - 
=== Predicting with model 23/81: e3_k5_l6_b64 ===
2026-03-11 20:29:59,887 - INFO - Using threshold 0.08557430981397678 for model Openstack_e3_k5_l6_b64
2026-03-11 20:29:59,887 - INFO - Loading checkpoint from /home/qinxuan.shi/Desktop/Ensemble/checkpoints/ensemble_os/Openstack_e3_k5_l6_b64_checkpoint.pth
2026-03-11 20:30:00,076 - INFO - Energy shape for this model: (15500,)
2026-03-11 20:30:00,076 - INFO - 
=== Predicting with model 24/81: e3_k5_l6_b96 ===
2026-03-11 20:30:00,499 - INFO - Using threshold 0.11628561030030679 for model Openstack_e3_k5_l6_b96
2026-03-11 20:30:00,499 - INFO - Loading checkpoint from /home/qinxuan.shi/Desktop/Ensemble/checkpoints/ensemble_os/Openstack_e3_k5_l6_b96_checkpoint.pth
2026-03-11 20:30:00,687 - INFO - Energy shape for this model: (15500,)
2026-03-11 20:30:00,688 - INFO - 
=== Predicting with model 25/81: e3_k5_l8_b32 ===
2026-03-11 20:30:01,235 - INFO - Using threshold 0.12300170961022394 for model Openstack_e3_k5_l8_b32
2026-03-11 20:30:01,235 - INFO - Loading checkpoint from /home/qinxuan.shi/Desktop/Ensemble/checkpoints/ensemble_os/Openstack_e3_k5_l8_b32_checkpoint.pth
2026-03-11 20:30:01,492 - INFO - Energy shape for this model: (15500,)
2026-03-11 20:30:01,492 - INFO - 
=== Predicting with model 26/81: e3_k5_l8_b64 ===
2026-03-11 20:30:02,048 - INFO - Using threshold 0.0954680319249632 for model Openstack_e3_k5_l8_b64
2026-03-11 20:30:02,048 - INFO - Loading checkpoint from /home/qinxuan.shi/Desktop/Ensemble/checkpoints/ensemble_os/Openstack_e3_k5_l8_b64_checkpoint.pth
2026-03-11 20:30:02,296 - INFO - Energy shape for this model: (15500,)
2026-03-11 20:30:02,296 - INFO - 
=== Predicting with model 27/81: e3_k5_l8_b96 ===
2026-03-11 20:30:02,843 - INFO - Using threshold 0.04858033207356957 for model Openstack_e3_k5_l8_b96
2026-03-11 20:30:02,843 - INFO - Loading checkpoint from /home/qinxuan.shi/Desktop/Ensemble/checkpoints/ensemble_os/Openstack_e3_k5_l8_b96_checkpoint.pth
2026-03-11 20:30:03,093 - INFO - Energy shape for this model: (15500,)
2026-03-11 20:30:03,093 - INFO - 
=== Predicting with model 28/81: e6_k1_l3_b32 ===
2026-03-11 20:30:03,301 - INFO - Using threshold 0.0015629542808048478 for model Openstack_e6_k1_l3_b32
2026-03-11 20:30:03,301 - INFO - Loading checkpoint from /home/qinxuan.shi/Desktop/Ensemble/checkpoints/ensemble_os/Openstack_e6_k1_l3_b32_checkpoint.pth
2026-03-11 20:30:03,440 - INFO - Energy shape for this model: (15500,)
2026-03-11 20:30:03,440 - INFO - 
=== Predicting with model 29/81: e6_k1_l3_b64 ===
2026-03-11 20:30:03,648 - INFO - Using threshold 0.03169260049462482 for model Openstack_e6_k1_l3_b64
2026-03-11 20:30:03,648 - INFO - Loading checkpoint from /home/qinxuan.shi/Desktop/Ensemble/checkpoints/ensemble_os/Openstack_e6_k1_l3_b64_checkpoint.pth
2026-03-11 20:30:03,762 - INFO - Energy shape for this model: (15500,)
2026-03-11 20:30:03,762 - INFO - 
=== Predicting with model 30/81: e6_k1_l3_b96 ===
2026-03-11 20:30:03,970 - INFO - Using threshold 0.02188185368329363 for model Openstack_e6_k1_l3_b96
2026-03-11 20:30:03,970 - INFO - Loading checkpoint from /home/qinxuan.shi/Desktop/Ensemble/checkpoints/ensemble_os/Openstack_e6_k1_l3_b96_checkpoint.pth
2026-03-11 20:30:04,085 - INFO - Energy shape for this model: (15500,)
2026-03-11 20:30:04,085 - INFO - 
=== Predicting with model 31/81: e6_k1_l6_b32 ===
2026-03-11 20:30:04,496 - INFO - Using threshold 0.0097861319720748 for model Openstack_e6_k1_l6_b32
2026-03-11 20:30:04,497 - INFO - Loading checkpoint from /home/qinxuan.shi/Desktop/Ensemble/checkpoints/ensemble_os/Openstack_e6_k1_l6_b32_checkpoint.pth
2026-03-11 20:30:04,707 - INFO - Energy shape for this model: (15500,)
2026-03-11 20:30:04,708 - INFO - 
=== Predicting with model 32/81: e6_k1_l6_b64 ===
2026-03-11 20:30:05,116 - INFO - Using threshold 0.0416734952569008 for model Openstack_e6_k1_l6_b64
2026-03-11 20:30:05,116 - INFO - Loading checkpoint from /home/qinxuan.shi/Desktop/Ensemble/checkpoints/ensemble_os/Openstack_e6_k1_l6_b64_checkpoint.pth
2026-03-11 20:30:05,325 - INFO - Energy shape for this model: (15500,)
2026-03-11 20:30:05,325 - INFO - 
=== Predicting with model 33/81: e6_k1_l6_b96 ===
2026-03-11 20:30:05,732 - INFO - Using threshold 0.012333816938847341 for model Openstack_e6_k1_l6_b96
2026-03-11 20:30:05,732 - INFO - Loading checkpoint from /home/qinxuan.shi/Desktop/Ensemble/checkpoints/ensemble_os/Openstack_e6_k1_l6_b96_checkpoint.pth
2026-03-11 20:30:05,939 - INFO - Energy shape for this model: (15500,)
2026-03-11 20:30:05,939 - INFO - 
=== Predicting with model 34/81: e6_k1_l8_b32 ===
2026-03-11 20:30:06,479 - INFO - Using threshold 0.01906435552239456 for model Openstack_e6_k1_l8_b32
2026-03-11 20:30:06,479 - INFO - Loading checkpoint from /home/qinxuan.shi/Desktop/Ensemble/checkpoints/ensemble_os/Openstack_e6_k1_l8_b32_checkpoint.pth
2026-03-11 20:30:06,760 - INFO - Energy shape for this model: (15500,)
2026-03-11 20:30:06,761 - INFO - 
=== Predicting with model 35/81: e6_k1_l8_b64 ===
2026-03-11 20:30:07,305 - INFO - Using threshold 0.1075951327919962 for model Openstack_e6_k1_l8_b64
2026-03-11 20:30:07,305 - INFO - Loading checkpoint from /home/qinxuan.shi/Desktop/Ensemble/checkpoints/ensemble_os/Openstack_e6_k1_l8_b64_checkpoint.pth
2026-03-11 20:30:07,581 - INFO - Energy shape for this model: (15500,)
2026-03-11 20:30:07,581 - INFO - 
=== Predicting with model 36/81: e6_k1_l8_b96 ===
2026-03-11 20:30:08,128 - INFO - Using threshold 0.06148147167265637 for model Openstack_e6_k1_l8_b96
2026-03-11 20:30:08,128 - INFO - Loading checkpoint from /home/qinxuan.shi/Desktop/Ensemble/checkpoints/ensemble_os/Openstack_e6_k1_l8_b96_checkpoint.pth
2026-03-11 20:30:08,400 - INFO - Energy shape for this model: (15500,)
2026-03-11 20:30:08,400 - INFO - 
=== Predicting with model 37/81: e6_k3_l3_b32 ===
2026-03-11 20:30:08,610 - INFO - Using threshold 0.03296933837533077 for model Openstack_e6_k3_l3_b32
2026-03-11 20:30:08,610 - INFO - Loading checkpoint from /home/qinxuan.shi/Desktop/Ensemble/checkpoints/ensemble_os/Openstack_e6_k3_l3_b32_checkpoint.pth
2026-03-11 20:30:08,708 - INFO - Energy shape for this model: (15500,)
2026-03-11 20:30:08,708 - INFO - 
=== Predicting with model 38/81: e6_k3_l3_b64 ===
2026-03-11 20:30:08,914 - INFO - Using threshold 0.043610054782033766 for model Openstack_e6_k3_l3_b64
2026-03-11 20:30:08,914 - INFO - Loading checkpoint from /home/qinxuan.shi/Desktop/Ensemble/checkpoints/ensemble_os/Openstack_e6_k3_l3_b64_checkpoint.pth
2026-03-11 20:30:09,013 - INFO - Energy shape for this model: (15500,)
2026-03-11 20:30:09,013 - INFO - 
=== Predicting with model 39/81: e6_k3_l3_b96 ===
2026-03-11 20:30:09,218 - INFO - Using threshold 0.06055384637117479 for model Openstack_e6_k3_l3_b96
2026-03-11 20:30:09,218 - INFO - Loading checkpoint from /home/qinxuan.shi/Desktop/Ensemble/checkpoints/ensemble_os/Openstack_e6_k3_l3_b96_checkpoint.pth
2026-03-11 20:30:09,317 - INFO - Energy shape for this model: (15500,)
2026-03-11 20:30:09,317 - INFO - 
=== Predicting with model 40/81: e6_k3_l6_b32 ===
2026-03-11 20:30:09,739 - INFO - Using threshold 0.03161406678855434 for model Openstack_e6_k3_l6_b32
2026-03-11 20:30:09,739 - INFO - Loading checkpoint from /home/qinxuan.shi/Desktop/Ensemble/checkpoints/ensemble_os/Openstack_e6_k3_l6_b32_checkpoint.pth
2026-03-11 20:30:09,928 - INFO - Energy shape for this model: (15500,)
2026-03-11 20:30:09,929 - INFO - 
=== Predicting with model 41/81: e6_k3_l6_b64 ===
2026-03-11 20:30:10,333 - INFO - Using threshold 0.1365899238348111 for model Openstack_e6_k3_l6_b64
2026-03-11 20:30:10,334 - INFO - Loading checkpoint from /home/qinxuan.shi/Desktop/Ensemble/checkpoints/ensemble_os/Openstack_e6_k3_l6_b64_checkpoint.pth
2026-03-11 20:30:10,524 - INFO - Energy shape for this model: (15500,)
2026-03-11 20:30:10,524 - INFO - 
=== Predicting with model 42/81: e6_k3_l6_b96 ===
2026-03-11 20:30:10,928 - INFO - Using threshold 0.1618895507693307 for model Openstack_e6_k3_l6_b96
2026-03-11 20:30:10,928 - INFO - Loading checkpoint from /home/qinxuan.shi/Desktop/Ensemble/checkpoints/ensemble_os/Openstack_e6_k3_l6_b96_checkpoint.pth
2026-03-11 20:30:11,118 - INFO - Energy shape for this model: (15500,)
2026-03-11 20:30:11,118 - INFO - 
=== Predicting with model 43/81: e6_k3_l8_b32 ===
2026-03-11 20:30:11,664 - INFO - Using threshold 0.054884904530644735 for model Openstack_e6_k3_l8_b32
2026-03-11 20:30:11,664 - INFO - Loading checkpoint from /home/qinxuan.shi/Desktop/Ensemble/checkpoints/ensemble_os/Openstack_e6_k3_l8_b32_checkpoint.pth
2026-03-11 20:30:11,914 - INFO - Energy shape for this model: (15500,)
2026-03-11 20:30:11,914 - INFO - 
=== Predicting with model 44/81: e6_k3_l8_b64 ===
2026-03-11 20:30:12,459 - INFO - Using threshold 0.05207843047380484 for model Openstack_e6_k3_l8_b64
2026-03-11 20:30:12,459 - INFO - Loading checkpoint from /home/qinxuan.shi/Desktop/Ensemble/checkpoints/ensemble_os/Openstack_e6_k3_l8_b64_checkpoint.pth
2026-03-11 20:30:12,707 - INFO - Energy shape for this model: (15500,)
2026-03-11 20:30:12,708 - INFO - 
=== Predicting with model 45/81: e6_k3_l8_b96 ===
2026-03-11 20:30:13,249 - INFO - Using threshold 0.11760857949257192 for model Openstack_e6_k3_l8_b96
2026-03-11 20:30:13,249 - INFO - Loading checkpoint from /home/qinxuan.shi/Desktop/Ensemble/checkpoints/ensemble_os/Openstack_e6_k3_l8_b96_checkpoint.pth
2026-03-11 20:30:13,500 - INFO - Energy shape for this model: (15500,)
2026-03-11 20:30:13,500 - INFO - 
=== Predicting with model 46/81: e6_k5_l3_b32 ===
2026-03-11 20:30:13,706 - INFO - Using threshold 0.04056652200222078 for model Openstack_e6_k5_l3_b32
2026-03-11 20:30:13,706 - INFO - Loading checkpoint from /home/qinxuan.shi/Desktop/Ensemble/checkpoints/ensemble_os/Openstack_e6_k5_l3_b32_checkpoint.pth
2026-03-11 20:30:13,805 - INFO - Energy shape for this model: (15500,)
2026-03-11 20:30:13,806 - INFO - 
=== Predicting with model 47/81: e6_k5_l3_b64 ===
2026-03-11 20:30:14,016 - INFO - Using threshold 0.05002413659393945 for model Openstack_e6_k5_l3_b64
2026-03-11 20:30:14,017 - INFO - Loading checkpoint from /home/qinxuan.shi/Desktop/Ensemble/checkpoints/ensemble_os/Openstack_e6_k5_l3_b64_checkpoint.pth
2026-03-11 20:30:14,121 - INFO - Energy shape for this model: (15500,)
2026-03-11 20:30:14,121 - INFO - 
=== Predicting with model 48/81: e6_k5_l3_b96 ===
2026-03-11 20:30:14,358 - INFO - Using threshold 0.2256415974021191 for model Openstack_e6_k5_l3_b96
2026-03-11 20:30:14,359 - INFO - Loading checkpoint from /home/qinxuan.shi/Desktop/Ensemble/checkpoints/ensemble_os/Openstack_e6_k5_l3_b96_checkpoint.pth
2026-03-11 20:30:14,462 - INFO - Energy shape for this model: (15500,)
2026-03-11 20:30:14,463 - INFO - 
=== Predicting with model 49/81: e6_k5_l6_b32 ===
2026-03-11 20:30:14,928 - INFO - Using threshold 0.08787575894594919 for model Openstack_e6_k5_l6_b32
2026-03-11 20:30:14,928 - INFO - Loading checkpoint from /home/qinxuan.shi/Desktop/Ensemble/checkpoints/ensemble_os/Openstack_e6_k5_l6_b32_checkpoint.pth
2026-03-11 20:30:15,129 - INFO - Energy shape for this model: (15500,)
2026-03-11 20:30:15,130 - INFO - 
=== Predicting with model 50/81: e6_k5_l6_b64 ===
2026-03-11 20:30:15,566 - INFO - Using threshold 0.11285981063246767 for model Openstack_e6_k5_l6_b64
2026-03-11 20:30:15,567 - INFO - Loading checkpoint from /home/qinxuan.shi/Desktop/Ensemble/checkpoints/ensemble_os/Openstack_e6_k5_l6_b64_checkpoint.pth
2026-03-11 20:30:15,757 - INFO - Energy shape for this model: (15500,)
2026-03-11 20:30:15,757 - INFO - 
=== Predicting with model 51/81: e6_k5_l6_b96 ===
2026-03-11 20:30:16,164 - INFO - Using threshold 0.04619344100952554 for model Openstack_e6_k5_l6_b96
2026-03-11 20:30:16,164 - INFO - Loading checkpoint from /home/qinxuan.shi/Desktop/Ensemble/checkpoints/ensemble_os/Openstack_e6_k5_l6_b96_checkpoint.pth
2026-03-11 20:30:16,355 - INFO - Energy shape for this model: (15500,)
2026-03-11 20:30:16,355 - INFO - 
=== Predicting with model 52/81: e6_k5_l8_b32 ===
2026-03-11 20:30:16,895 - INFO - Using threshold 0.06615430977940731 for model Openstack_e6_k5_l8_b32
2026-03-11 20:30:16,895 - INFO - Loading checkpoint from /home/qinxuan.shi/Desktop/Ensemble/checkpoints/ensemble_os/Openstack_e6_k5_l8_b32_checkpoint.pth
2026-03-11 20:30:17,145 - INFO - Energy shape for this model: (15500,)
2026-03-11 20:30:17,145 - INFO - 
=== Predicting with model 53/81: e6_k5_l8_b64 ===
2026-03-11 20:30:17,686 - INFO - Using threshold 0.13650403152704316 for model Openstack_e6_k5_l8_b64
2026-03-11 20:30:17,686 - INFO - Loading checkpoint from /home/qinxuan.shi/Desktop/Ensemble/checkpoints/ensemble_os/Openstack_e6_k5_l8_b64_checkpoint.pth
2026-03-11 20:30:17,934 - INFO - Energy shape for this model: (15500,)
2026-03-11 20:30:17,935 - INFO - 
=== Predicting with model 54/81: e6_k5_l8_b96 ===
2026-03-11 20:30:18,484 - INFO - Using threshold 0.11748210145235098 for model Openstack_e6_k5_l8_b96
2026-03-11 20:30:18,484 - INFO - Loading checkpoint from /home/qinxuan.shi/Desktop/Ensemble/checkpoints/ensemble_os/Openstack_e6_k5_l8_b96_checkpoint.pth
2026-03-11 20:30:18,733 - INFO - Energy shape for this model: (15500,)
2026-03-11 20:30:18,733 - INFO - 
=== Predicting with model 55/81: e10_k1_l3_b32 ===
2026-03-11 20:30:18,940 - INFO - Using threshold 0.001621053754445277 for model Openstack_e10_k1_l3_b32
2026-03-11 20:30:18,940 - INFO - Loading checkpoint from /home/qinxuan.shi/Desktop/Ensemble/checkpoints/ensemble_os/Openstack_e10_k1_l3_b32_checkpoint.pth
2026-03-11 20:30:19,075 - INFO - Energy shape for this model: (15500,)
2026-03-11 20:30:19,075 - INFO - 
=== Predicting with model 56/81: e10_k1_l3_b64 ===
2026-03-11 20:30:19,291 - INFO - Using threshold 0.01841260805577067 for model Openstack_e10_k1_l3_b64
2026-03-11 20:30:19,291 - INFO - Loading checkpoint from /home/qinxuan.shi/Desktop/Ensemble/checkpoints/ensemble_os/Openstack_e10_k1_l3_b64_checkpoint.pth
2026-03-11 20:30:19,406 - INFO - Energy shape for this model: (15500,)
2026-03-11 20:30:19,406 - INFO - 
=== Predicting with model 57/81: e10_k1_l3_b96 ===
2026-03-11 20:30:19,612 - INFO - Using threshold 0.023452372933926366 for model Openstack_e10_k1_l3_b96
2026-03-11 20:30:19,612 - INFO - Loading checkpoint from /home/qinxuan.shi/Desktop/Ensemble/checkpoints/ensemble_os/Openstack_e10_k1_l3_b96_checkpoint.pth
2026-03-11 20:30:19,726 - INFO - Energy shape for this model: (15500,)
2026-03-11 20:30:19,726 - INFO - 
=== Predicting with model 58/81: e10_k1_l6_b32 ===
2026-03-11 20:30:20,165 - INFO - Using threshold 0.030066723342239872 for model Openstack_e10_k1_l6_b32
2026-03-11 20:30:20,165 - INFO - Loading checkpoint from /home/qinxuan.shi/Desktop/Ensemble/checkpoints/ensemble_os/Openstack_e10_k1_l6_b32_checkpoint.pth
2026-03-11 20:30:20,372 - INFO - Energy shape for this model: (15500,)
2026-03-11 20:30:20,372 - INFO - 
=== Predicting with model 59/81: e10_k1_l6_b64 ===
2026-03-11 20:30:20,800 - INFO - Using threshold 0.0811963617444052 for model Openstack_e10_k1_l6_b64
2026-03-11 20:30:20,800 - INFO - Loading checkpoint from /home/qinxuan.shi/Desktop/Ensemble/checkpoints/ensemble_os/Openstack_e10_k1_l6_b64_checkpoint.pth
2026-03-11 20:30:21,006 - INFO - Energy shape for this model: (15500,)
2026-03-11 20:30:21,006 - INFO - 
=== Predicting with model 60/81: e10_k1_l6_b96 ===
2026-03-11 20:30:21,418 - INFO - Using threshold 0.022455831219256164 for model Openstack_e10_k1_l6_b96
2026-03-11 20:30:21,418 - INFO - Loading checkpoint from /home/qinxuan.shi/Desktop/Ensemble/checkpoints/ensemble_os/Openstack_e10_k1_l6_b96_checkpoint.pth
2026-03-11 20:30:21,625 - INFO - Energy shape for this model: (15500,)
2026-03-11 20:30:21,625 - INFO - 
=== Predicting with model 61/81: e10_k1_l8_b32 ===
2026-03-11 20:30:22,169 - INFO - Using threshold 0.038922910231352026 for model Openstack_e10_k1_l8_b32
2026-03-11 20:30:22,169 - INFO - Loading checkpoint from /home/qinxuan.shi/Desktop/Ensemble/checkpoints/ensemble_os/Openstack_e10_k1_l8_b32_checkpoint.pth
2026-03-11 20:30:22,445 - INFO - Energy shape for this model: (15500,)
2026-03-11 20:30:22,445 - INFO - 
=== Predicting with model 62/81: e10_k1_l8_b64 ===
2026-03-11 20:30:22,988 - INFO - Using threshold 0.01032582075521363 for model Openstack_e10_k1_l8_b64
2026-03-11 20:30:22,988 - INFO - Loading checkpoint from /home/qinxuan.shi/Desktop/Ensemble/checkpoints/ensemble_os/Openstack_e10_k1_l8_b64_checkpoint.pth
2026-03-11 20:30:23,261 - INFO - Energy shape for this model: (15500,)
2026-03-11 20:30:23,262 - INFO - 
=== Predicting with model 63/81: e10_k1_l8_b96 ===
2026-03-11 20:30:23,802 - INFO - Using threshold 0.07859792599678048 for model Openstack_e10_k1_l8_b96
2026-03-11 20:30:23,802 - INFO - Loading checkpoint from /home/qinxuan.shi/Desktop/Ensemble/checkpoints/ensemble_os/Openstack_e10_k1_l8_b96_checkpoint.pth
2026-03-11 20:30:24,076 - INFO - Energy shape for this model: (15500,)
2026-03-11 20:30:24,076 - INFO - 
=== Predicting with model 64/81: e10_k3_l3_b32 ===
2026-03-11 20:30:24,286 - INFO - Using threshold 0.02155070570558365 for model Openstack_e10_k3_l3_b32
2026-03-11 20:30:24,286 - INFO - Loading checkpoint from /home/qinxuan.shi/Desktop/Ensemble/checkpoints/ensemble_os/Openstack_e10_k3_l3_b32_checkpoint.pth
2026-03-11 20:30:24,384 - INFO - Energy shape for this model: (15500,)
2026-03-11 20:30:24,384 - INFO - 
=== Predicting with model 65/81: e10_k3_l3_b64 ===
2026-03-11 20:30:24,588 - INFO - Using threshold 0.034597701591253964 for model Openstack_e10_k3_l3_b64
2026-03-11 20:30:24,589 - INFO - Loading checkpoint from /home/qinxuan.shi/Desktop/Ensemble/checkpoints/ensemble_os/Openstack_e10_k3_l3_b64_checkpoint.pth
2026-03-11 20:30:24,688 - INFO - Energy shape for this model: (15500,)
2026-03-11 20:30:24,688 - INFO - 
=== Predicting with model 66/81: e10_k3_l3_b96 ===
2026-03-11 20:30:24,902 - INFO - Using threshold 0.09402083911895802 for model Openstack_e10_k3_l3_b96
2026-03-11 20:30:24,902 - INFO - Loading checkpoint from /home/qinxuan.shi/Desktop/Ensemble/checkpoints/ensemble_os/Openstack_e10_k3_l3_b96_checkpoint.pth
2026-03-11 20:30:25,001 - INFO - Energy shape for this model: (15500,)
2026-03-11 20:30:25,001 - INFO - 
=== Predicting with model 67/81: e10_k3_l6_b32 ===
2026-03-11 20:30:25,443 - INFO - Using threshold 0.06527535663843188 for model Openstack_e10_k3_l6_b32
2026-03-11 20:30:25,443 - INFO - Loading checkpoint from /home/qinxuan.shi/Desktop/Ensemble/checkpoints/ensemble_os/Openstack_e10_k3_l6_b32_checkpoint.pth
2026-03-11 20:30:25,643 - INFO - Energy shape for this model: (15500,)
2026-03-11 20:30:25,643 - INFO - 
=== Predicting with model 68/81: e10_k3_l6_b64 ===
2026-03-11 20:30:26,097 - INFO - Using threshold 0.11585166103840137 for model Openstack_e10_k3_l6_b64
2026-03-11 20:30:26,097 - INFO - Loading checkpoint from /home/qinxuan.shi/Desktop/Ensemble/checkpoints/ensemble_os/Openstack_e10_k3_l6_b64_checkpoint.pth
2026-03-11 20:30:26,286 - INFO - Energy shape for this model: (15500,)
2026-03-11 20:30:26,286 - INFO - 
=== Predicting with model 69/81: e10_k3_l6_b96 ===
2026-03-11 20:30:26,694 - INFO - Using threshold 0.11288296157717764 for model Openstack_e10_k3_l6_b96
2026-03-11 20:30:26,694 - INFO - Loading checkpoint from /home/qinxuan.shi/Desktop/Ensemble/checkpoints/ensemble_os/Openstack_e10_k3_l6_b96_checkpoint.pth
2026-03-11 20:30:26,882 - INFO - Energy shape for this model: (15500,)
2026-03-11 20:30:26,882 - INFO - 
=== Predicting with model 70/81: e10_k3_l8_b32 ===
2026-03-11 20:30:27,425 - INFO - Using threshold 0.06870936787128505 for model Openstack_e10_k3_l8_b32
2026-03-11 20:30:27,425 - INFO - Loading checkpoint from /home/qinxuan.shi/Desktop/Ensemble/checkpoints/ensemble_os/Openstack_e10_k3_l8_b32_checkpoint.pth
2026-03-11 20:30:27,674 - INFO - Energy shape for this model: (15500,)
2026-03-11 20:30:27,674 - INFO - 
=== Predicting with model 71/81: e10_k3_l8_b64 ===
2026-03-11 20:30:28,216 - INFO - Using threshold 0.08296245067715663 for model Openstack_e10_k3_l8_b64
2026-03-11 20:30:28,216 - INFO - Loading checkpoint from /home/qinxuan.shi/Desktop/Ensemble/checkpoints/ensemble_os/Openstack_e10_k3_l8_b64_checkpoint.pth
2026-03-11 20:30:28,466 - INFO - Energy shape for this model: (15500,)
2026-03-11 20:30:28,466 - INFO - 
=== Predicting with model 72/81: e10_k3_l8_b96 ===
2026-03-11 20:30:29,012 - INFO - Using threshold 0.13610786159038546 for model Openstack_e10_k3_l8_b96
2026-03-11 20:30:29,012 - INFO - Loading checkpoint from /home/qinxuan.shi/Desktop/Ensemble/checkpoints/ensemble_os/Openstack_e10_k3_l8_b96_checkpoint.pth
2026-03-11 20:30:29,305 - INFO - Energy shape for this model: (15500,)
2026-03-11 20:30:29,305 - INFO - 
=== Predicting with model 73/81: e10_k5_l3_b32 ===
2026-03-11 20:30:29,510 - INFO - Using threshold 0.04063900943100471 for model Openstack_e10_k5_l3_b32
2026-03-11 20:30:29,510 - INFO - Loading checkpoint from /home/qinxuan.shi/Desktop/Ensemble/checkpoints/ensemble_os/Openstack_e10_k5_l3_b32_checkpoint.pth
2026-03-11 20:30:29,626 - INFO - Energy shape for this model: (15500,)
2026-03-11 20:30:29,626 - INFO - 
=== Predicting with model 74/81: e10_k5_l3_b64 ===
2026-03-11 20:30:29,834 - INFO - Using threshold 0.06038203040361446 for model Openstack_e10_k5_l3_b64
2026-03-11 20:30:29,834 - INFO - Loading checkpoint from /home/qinxuan.shi/Desktop/Ensemble/checkpoints/ensemble_os/Openstack_e10_k5_l3_b64_checkpoint.pth
2026-03-11 20:30:29,959 - INFO - Energy shape for this model: (15500,)
2026-03-11 20:30:29,959 - INFO - 
=== Predicting with model 75/81: e10_k5_l3_b96 ===
2026-03-11 20:30:30,174 - INFO - Using threshold 0.09554500585794537 for model Openstack_e10_k5_l3_b96
2026-03-11 20:30:30,174 - INFO - Loading checkpoint from /home/qinxuan.shi/Desktop/Ensemble/checkpoints/ensemble_os/Openstack_e10_k5_l3_b96_checkpoint.pth
2026-03-11 20:30:30,298 - INFO - Energy shape for this model: (15500,)
2026-03-11 20:30:30,298 - INFO - 
=== Predicting with model 76/81: e10_k5_l6_b32 ===
2026-03-11 20:30:30,706 - INFO - Using threshold 0.24483758518695958 for model Openstack_e10_k5_l6_b32
2026-03-11 20:30:30,707 - INFO - Loading checkpoint from /home/qinxuan.shi/Desktop/Ensemble/checkpoints/ensemble_os/Openstack_e10_k5_l6_b32_checkpoint.pth
2026-03-11 20:30:30,932 - INFO - Energy shape for this model: (15500,)
2026-03-11 20:30:30,932 - INFO - 
=== Predicting with model 77/81: e10_k5_l6_b64 ===
2026-03-11 20:30:31,338 - INFO - Using threshold 0.1100370659172559 for model Openstack_e10_k5_l6_b64
2026-03-11 20:30:31,338 - INFO - Loading checkpoint from /home/qinxuan.shi/Desktop/Ensemble/checkpoints/ensemble_os/Openstack_e10_k5_l6_b64_checkpoint.pth
2026-03-11 20:30:31,573 - INFO - Energy shape for this model: (15500,)
2026-03-11 20:30:31,574 - INFO - 
=== Predicting with model 78/81: e10_k5_l6_b96 ===
2026-03-11 20:30:31,998 - INFO - Using threshold 0.17749000508786061 for model Openstack_e10_k5_l6_b96
2026-03-11 20:30:31,998 - INFO - Loading checkpoint from /home/qinxuan.shi/Desktop/Ensemble/checkpoints/ensemble_os/Openstack_e10_k5_l6_b96_checkpoint.pth
2026-03-11 20:30:32,205 - INFO - Energy shape for this model: (15500,)
2026-03-11 20:30:32,205 - INFO - 
=== Predicting with model 79/81: e10_k5_l8_b32 ===
2026-03-11 20:30:32,751 - INFO - Using threshold 0.1219148130893712 for model Openstack_e10_k5_l8_b32
2026-03-11 20:30:32,751 - INFO - Loading checkpoint from /home/qinxuan.shi/Desktop/Ensemble/checkpoints/ensemble_os/Openstack_e10_k5_l8_b32_checkpoint.pth
2026-03-11 20:30:33,022 - INFO - Energy shape for this model: (15500,)
2026-03-11 20:30:33,023 - INFO - 
=== Predicting with model 80/81: e10_k5_l8_b64 ===
2026-03-11 20:30:33,571 - INFO - Using threshold 0.08714548138976114 for model Openstack_e10_k5_l8_b64
2026-03-11 20:30:33,571 - INFO - Loading checkpoint from /home/qinxuan.shi/Desktop/Ensemble/checkpoints/ensemble_os/Openstack_e10_k5_l8_b64_checkpoint.pth
2026-03-11 20:30:33,843 - INFO - Energy shape for this model: (15500,)
2026-03-11 20:30:33,843 - INFO - 
=== Predicting with model 81/81: e10_k5_l8_b96 ===
2026-03-11 20:30:34,386 - INFO - Using threshold 0.19129492148161137 for model Openstack_e10_k5_l8_b96
2026-03-11 20:30:34,386 - INFO - Loading checkpoint from /home/qinxuan.shi/Desktop/Ensemble/checkpoints/ensemble_os/Openstack_e10_k5_l8_b96_checkpoint.pth
2026-03-11 20:30:34,660 - INFO - Energy shape for this model: (15500,)
2026-03-11 20:30:34,663 - INFO - Ensemble prediction matrix shape: (15500, 81)
2026-03-11 20:30:34,672 - INFO - Final ensemble predictions shape: (15500,)
2026-03-11 20:30:34,672 - INFO - Saving ensemble predictions to ../Edge/prediction_results/cloud_selected_ensemble_preds.txt
