2026-03-11 20:29:03,000 - INFO - Using device: cuda:0
2026-03-11 20:29:03,001 - INFO - Loaded BAT config from model_config/bat_config/ensemble_test_os_config.yaml
2026-03-11 20:29:03,001 - INFO - Dataset: Openstack, model_save_path: /home/qinxuan.shi/Desktop/Ensemble/checkpoints/ensemble_os
2026-03-11 20:29:03,001 - INFO - Total checkpoints (ensemble size): 81
2026-03-11 20:29:03,014 - INFO - Loaded 81 model thresholds from model_config/qbat_config/ensemble_config_os.yaml
2026-03-11 20:29:03,014 - INFO - Loading selected data from ../Edge/prediction_results/os_selected.txt
2026-03-11 20:29:03,021 - INFO - Selected windows shape: (155, 100, 10)
2026-03-11 20:29:03,023 - INFO - 
=== Predicting with model 1/81: e3_k3_l3_b32 ===
2026-03-11 20:29:03,369 - INFO - Using threshold 0.06318314784765257 for model Openstack_e3_k3_l3_b32
2026-03-11 20:29:03,369 - INFO - Loading checkpoint from /home/qinxuan.shi/Desktop/Ensemble/checkpoints/ensemble_os/Openstack_e3_k3_l3_b32_checkpoint.pth
2026-03-11 20:29:03,759 - INFO - Energy shape for this model: (15500,)
2026-03-11 20:29:03,761 - INFO - 
=== Predicting with model 2/81: e3_k3_l3_b64 ===
2026-03-11 20:29:03,999 - INFO - Using threshold 0.04482176098823553 for model Openstack_e3_k3_l3_b64
2026-03-11 20:29:03,999 - INFO - Loading checkpoint from /home/qinxuan.shi/Desktop/Ensemble/checkpoints/ensemble_os/Openstack_e3_k3_l3_b64_checkpoint.pth
2026-03-11 20:29:04,120 - INFO - Energy shape for this model: (15500,)
2026-03-11 20:29:04,120 - INFO - 
=== Predicting with model 3/81: e3_k3_l3_b96 ===
2026-03-11 20:29:04,361 - INFO - Using threshold 0.06560380232334408 for model Openstack_e3_k3_l3_b96
2026-03-11 20:29:04,361 - INFO - Loading checkpoint from /home/qinxuan.shi/Desktop/Ensemble/checkpoints/ensemble_os/Openstack_e3_k3_l3_b96_checkpoint.pth
2026-03-11 20:29:04,482 - INFO - Energy shape for this model: (15500,)
2026-03-11 20:29:04,483 - INFO - 
=== Predicting with model 4/81: e3_k3_l6_b32 ===
2026-03-11 20:29:04,899 - INFO - Using threshold 0.03769891098141686 for model Openstack_e3_k3_l6_b32
2026-03-11 20:29:04,899 - INFO - Loading checkpoint from /home/qinxuan.shi/Desktop/Ensemble/checkpoints/ensemble_os/Openstack_e3_k3_l6_b32_checkpoint.pth
2026-03-11 20:29:05,105 - INFO - Energy shape for this model: (15500,)
2026-03-11 20:29:05,106 - INFO - 
=== Predicting with model 5/81: e3_k3_l6_b64 ===
2026-03-11 20:29:05,514 - INFO - Using threshold 0.053600660705567245 for model Openstack_e3_k3_l6_b64
2026-03-11 20:29:05,514 - INFO - Loading checkpoint from /home/qinxuan.shi/Desktop/Ensemble/checkpoints/ensemble_os/Openstack_e3_k3_l6_b64_checkpoint.pth
2026-03-11 20:29:05,720 - INFO - Energy shape for this model: (15500,)
2026-03-11 20:29:05,721 - INFO - 
=== Predicting with model 6/81: e3_k3_l6_b96 ===
2026-03-11 20:29:06,130 - INFO - Using threshold 0.0775091585278532 for model Openstack_e3_k3_l6_b96
2026-03-11 20:29:06,130 - INFO - Loading checkpoint from /home/qinxuan.shi/Desktop/Ensemble/checkpoints/ensemble_os/Openstack_e3_k3_l6_b96_checkpoint.pth
2026-03-11 20:29:06,337 - INFO - Energy shape for this model: (15500,)
2026-03-11 20:29:06,337 - INFO - 
=== Predicting with model 7/81: e3_k3_l8_b32 ===
2026-03-11 20:29:06,883 - INFO - Using threshold 0.05872194790840152 for model Openstack_e3_k3_l8_b32
2026-03-11 20:29:06,883 - INFO - Loading checkpoint from /home/qinxuan.shi/Desktop/Ensemble/checkpoints/ensemble_os/Openstack_e3_k3_l8_b32_checkpoint.pth
2026-03-11 20:29:07,155 - INFO - Energy shape for this model: (15500,)
2026-03-11 20:29:07,155 - INFO - 
=== Predicting with model 8/81: e3_k3_l8_b64 ===
2026-03-11 20:29:07,700 - INFO - Using threshold 0.041580599910021256 for model Openstack_e3_k3_l8_b64
2026-03-11 20:29:07,700 - INFO - Loading checkpoint from /home/qinxuan.shi/Desktop/Ensemble/checkpoints/ensemble_os/Openstack_e3_k3_l8_b64_checkpoint.pth
2026-03-11 20:29:07,971 - INFO - Energy shape for this model: (15500,)
2026-03-11 20:29:07,972 - INFO - 
=== Predicting with model 9/81: e3_k3_l8_b96 ===
2026-03-11 20:29:08,513 - INFO - Using threshold 0.06264206935167689 for model Openstack_e3_k3_l8_b96
2026-03-11 20:29:08,513 - INFO - Loading checkpoint from /home/qinxuan.shi/Desktop/Ensemble/checkpoints/ensemble_os/Openstack_e3_k3_l8_b96_checkpoint.pth
2026-03-11 20:29:08,784 - INFO - Energy shape for this model: (15500,)
2026-03-11 20:29:08,785 - INFO - 
=== Predicting with model 10/81: e3_k4_l3_b32 ===
2026-03-11 20:29:08,992 - WARNING - Checkpoint not found: /home/qinxuan.shi/Desktop/Ensemble/checkpoints/ensemble_os/Openstack_e3_k4_l3_b32_checkpoint.pth, skipping this model.
2026-03-11 20:29:08,992 - INFO - 
=== Predicting with model 11/81: e3_k4_l3_b64 ===
2026-03-11 20:29:09,198 - WARNING - Checkpoint not found: /home/qinxuan.shi/Desktop/Ensemble/checkpoints/ensemble_os/Openstack_e3_k4_l3_b64_checkpoint.pth, skipping this model.
2026-03-11 20:29:09,199 - INFO - 
=== Predicting with model 12/81: e3_k4_l3_b96 ===
2026-03-11 20:29:09,406 - WARNING - Checkpoint not found: /home/qinxuan.shi/Desktop/Ensemble/checkpoints/ensemble_os/Openstack_e3_k4_l3_b96_checkpoint.pth, skipping this model.
2026-03-11 20:29:09,406 - INFO - 
=== Predicting with model 13/81: e3_k4_l6_b32 ===
2026-03-11 20:29:09,820 - WARNING - Checkpoint not found: /home/qinxuan.shi/Desktop/Ensemble/checkpoints/ensemble_os/Openstack_e3_k4_l6_b32_checkpoint.pth, skipping this model.
2026-03-11 20:29:09,820 - INFO - 
=== Predicting with model 14/81: e3_k4_l6_b64 ===
2026-03-11 20:29:10,245 - WARNING - Checkpoint not found: /home/qinxuan.shi/Desktop/Ensemble/checkpoints/ensemble_os/Openstack_e3_k4_l6_b64_checkpoint.pth, skipping this model.
2026-03-11 20:29:10,245 - INFO - 
=== Predicting with model 15/81: e3_k4_l6_b96 ===
2026-03-11 20:29:10,659 - WARNING - Checkpoint not found: /home/qinxuan.shi/Desktop/Ensemble/checkpoints/ensemble_os/Openstack_e3_k4_l6_b96_checkpoint.pth, skipping this model.
2026-03-11 20:29:10,659 - INFO - 
=== Predicting with model 16/81: e3_k4_l8_b32 ===
2026-03-11 20:29:11,218 - WARNING - Checkpoint not found: /home/qinxuan.shi/Desktop/Ensemble/checkpoints/ensemble_os/Openstack_e3_k4_l8_b32_checkpoint.pth, skipping this model.
2026-03-11 20:29:11,218 - INFO - 
=== Predicting with model 17/81: e3_k4_l8_b64 ===
2026-03-11 20:29:11,780 - WARNING - Checkpoint not found: /home/qinxuan.shi/Desktop/Ensemble/checkpoints/ensemble_os/Openstack_e3_k4_l8_b64_checkpoint.pth, skipping this model.
2026-03-11 20:29:11,780 - INFO - 
=== Predicting with model 18/81: e3_k4_l8_b96 ===
2026-03-11 20:29:12,349 - WARNING - Checkpoint not found: /home/qinxuan.shi/Desktop/Ensemble/checkpoints/ensemble_os/Openstack_e3_k4_l8_b96_checkpoint.pth, skipping this model.
2026-03-11 20:29:12,350 - INFO - 
=== Predicting with model 19/81: e3_k5_l3_b32 ===
2026-03-11 20:29:12,565 - INFO - Using threshold 0.044696787205339275 for model Openstack_e3_k5_l3_b32
2026-03-11 20:29:12,565 - INFO - Loading checkpoint from /home/qinxuan.shi/Desktop/Ensemble/checkpoints/ensemble_os/Openstack_e3_k5_l3_b32_checkpoint.pth
2026-03-11 20:29:12,702 - INFO - Energy shape for this model: (15500,)
2026-03-11 20:29:12,702 - INFO - 
=== Predicting with model 20/81: e3_k5_l3_b64 ===
2026-03-11 20:29:12,912 - INFO - Using threshold 0.0749268469810552 for model Openstack_e3_k5_l3_b64
2026-03-11 20:29:12,913 - INFO - Loading checkpoint from /home/qinxuan.shi/Desktop/Ensemble/checkpoints/ensemble_os/Openstack_e3_k5_l3_b64_checkpoint.pth
2026-03-11 20:29:13,024 - INFO - Energy shape for this model: (15500,)
2026-03-11 20:29:13,025 - INFO - 
=== Predicting with model 21/81: e3_k5_l3_b96 ===
2026-03-11 20:29:13,239 - INFO - Using threshold 0.10048860256076123 for model Openstack_e3_k5_l3_b96
2026-03-11 20:29:13,239 - INFO - Loading checkpoint from /home/qinxuan.shi/Desktop/Ensemble/checkpoints/ensemble_os/Openstack_e3_k5_l3_b96_checkpoint.pth
2026-03-11 20:29:13,354 - INFO - Energy shape for this model: (15500,)
2026-03-11 20:29:13,354 - INFO - 
=== Predicting with model 22/81: e3_k5_l6_b32 ===
2026-03-11 20:29:13,766 - INFO - Using threshold 0.04267860399186643 for model Openstack_e3_k5_l6_b32
2026-03-11 20:29:13,766 - INFO - Loading checkpoint from /home/qinxuan.shi/Desktop/Ensemble/checkpoints/ensemble_os/Openstack_e3_k5_l6_b32_checkpoint.pth
2026-03-11 20:29:13,972 - INFO - Energy shape for this model: (15500,)
2026-03-11 20:29:13,972 - INFO - 
=== Predicting with model 23/81: e3_k5_l6_b64 ===
2026-03-11 20:29:14,382 - INFO - Using threshold 0.08557430981397678 for model Openstack_e3_k5_l6_b64
2026-03-11 20:29:14,382 - INFO - Loading checkpoint from /home/qinxuan.shi/Desktop/Ensemble/checkpoints/ensemble_os/Openstack_e3_k5_l6_b64_checkpoint.pth
2026-03-11 20:29:14,587 - INFO - Energy shape for this model: (15500,)
2026-03-11 20:29:14,588 - INFO - 
=== Predicting with model 24/81: e3_k5_l6_b96 ===
2026-03-11 20:29:14,998 - INFO - Using threshold 0.11628561030030679 for model Openstack_e3_k5_l6_b96
2026-03-11 20:29:14,998 - INFO - Loading checkpoint from /home/qinxuan.shi/Desktop/Ensemble/checkpoints/ensemble_os/Openstack_e3_k5_l6_b96_checkpoint.pth
2026-03-11 20:29:15,206 - INFO - Energy shape for this model: (15500,)
2026-03-11 20:29:15,206 - INFO - 
=== Predicting with model 25/81: e3_k5_l8_b32 ===
2026-03-11 20:29:15,755 - INFO - Using threshold 0.12300170961022394 for model Openstack_e3_k5_l8_b32
2026-03-11 20:29:15,755 - INFO - Loading checkpoint from /home/qinxuan.shi/Desktop/Ensemble/checkpoints/ensemble_os/Openstack_e3_k5_l8_b32_checkpoint.pth
2026-03-11 20:29:16,025 - INFO - Energy shape for this model: (15500,)
2026-03-11 20:29:16,025 - INFO - 
=== Predicting with model 26/81: e3_k5_l8_b64 ===
2026-03-11 20:29:16,577 - INFO - Using threshold 0.0954680319249632 for model Openstack_e3_k5_l8_b64
2026-03-11 20:29:16,577 - INFO - Loading checkpoint from /home/qinxuan.shi/Desktop/Ensemble/checkpoints/ensemble_os/Openstack_e3_k5_l8_b64_checkpoint.pth
2026-03-11 20:29:16,848 - INFO - Energy shape for this model: (15500,)
2026-03-11 20:29:16,848 - INFO - 
=== Predicting with model 27/81: e3_k5_l8_b96 ===
2026-03-11 20:29:17,396 - INFO - Using threshold 0.04858033207356957 for model Openstack_e3_k5_l8_b96
2026-03-11 20:29:17,396 - INFO - Loading checkpoint from /home/qinxuan.shi/Desktop/Ensemble/checkpoints/ensemble_os/Openstack_e3_k5_l8_b96_checkpoint.pth
2026-03-11 20:29:17,667 - INFO - Energy shape for this model: (15500,)
2026-03-11 20:29:17,668 - INFO - 
=== Predicting with model 28/81: e6_k3_l3_b32 ===
2026-03-11 20:29:17,875 - INFO - Using threshold 0.03296933837533077 for model Openstack_e6_k3_l3_b32
2026-03-11 20:29:17,875 - INFO - Loading checkpoint from /home/qinxuan.shi/Desktop/Ensemble/checkpoints/ensemble_os/Openstack_e6_k3_l3_b32_checkpoint.pth
2026-03-11 20:29:17,987 - INFO - Energy shape for this model: (15500,)
2026-03-11 20:29:17,987 - INFO - 
=== Predicting with model 29/81: e6_k3_l3_b64 ===
2026-03-11 20:29:18,193 - INFO - Using threshold 0.043610054782033766 for model Openstack_e6_k3_l3_b64
2026-03-11 20:29:18,193 - INFO - Loading checkpoint from /home/qinxuan.shi/Desktop/Ensemble/checkpoints/ensemble_os/Openstack_e6_k3_l3_b64_checkpoint.pth
2026-03-11 20:29:18,305 - INFO - Energy shape for this model: (15500,)
2026-03-11 20:29:18,305 - INFO - 
=== Predicting with model 30/81: e6_k3_l3_b96 ===
2026-03-11 20:29:18,513 - INFO - Using threshold 0.06055384637117479 for model Openstack_e6_k3_l3_b96
2026-03-11 20:29:18,513 - INFO - Loading checkpoint from /home/qinxuan.shi/Desktop/Ensemble/checkpoints/ensemble_os/Openstack_e6_k3_l3_b96_checkpoint.pth
2026-03-11 20:29:18,625 - INFO - Energy shape for this model: (15500,)
2026-03-11 20:29:18,625 - INFO - 
=== Predicting with model 31/81: e6_k3_l6_b32 ===
2026-03-11 20:29:19,089 - INFO - Using threshold 0.03161406678855434 for model Openstack_e6_k3_l6_b32
2026-03-11 20:29:19,089 - INFO - Loading checkpoint from /home/qinxuan.shi/Desktop/Ensemble/checkpoints/ensemble_os/Openstack_e6_k3_l6_b32_checkpoint.pth
2026-03-11 20:29:19,299 - INFO - Energy shape for this model: (15500,)
2026-03-11 20:29:19,300 - INFO - 
=== Predicting with model 32/81: e6_k3_l6_b64 ===
2026-03-11 20:29:19,727 - INFO - Using threshold 0.1365899238348111 for model Openstack_e6_k3_l6_b64
2026-03-11 20:29:19,727 - INFO - Loading checkpoint from /home/qinxuan.shi/Desktop/Ensemble/checkpoints/ensemble_os/Openstack_e6_k3_l6_b64_checkpoint.pth
2026-03-11 20:29:19,942 - INFO - Energy shape for this model: (15500,)
2026-03-11 20:29:19,942 - INFO - 
=== Predicting with model 33/81: e6_k3_l6_b96 ===
2026-03-11 20:29:20,378 - INFO - Using threshold 0.1618895507693307 for model Openstack_e6_k3_l6_b96
2026-03-11 20:29:20,378 - INFO - Loading checkpoint from /home/qinxuan.shi/Desktop/Ensemble/checkpoints/ensemble_os/Openstack_e6_k3_l6_b96_checkpoint.pth
2026-03-11 20:29:20,594 - INFO - Energy shape for this model: (15500,)
2026-03-11 20:29:20,594 - INFO - 
=== Predicting with model 34/81: e6_k3_l8_b32 ===
2026-03-11 20:29:21,205 - INFO - Using threshold 0.054884904530644735 for model Openstack_e6_k3_l8_b32
2026-03-11 20:29:21,205 - INFO - Loading checkpoint from /home/qinxuan.shi/Desktop/Ensemble/checkpoints/ensemble_os/Openstack_e6_k3_l8_b32_checkpoint.pth
2026-03-11 20:29:21,491 - INFO - Energy shape for this model: (15500,)
2026-03-11 20:29:21,491 - INFO - 
=== Predicting with model 35/81: e6_k3_l8_b64 ===
2026-03-11 20:29:22,079 - INFO - Using threshold 0.05207843047380484 for model Openstack_e6_k3_l8_b64
2026-03-11 20:29:22,080 - INFO - Loading checkpoint from /home/qinxuan.shi/Desktop/Ensemble/checkpoints/ensemble_os/Openstack_e6_k3_l8_b64_checkpoint.pth
2026-03-11 20:29:22,351 - INFO - Energy shape for this model: (15500,)
2026-03-11 20:29:22,352 - INFO - 
=== Predicting with model 36/81: e6_k3_l8_b96 ===
2026-03-11 20:29:22,935 - INFO - Using threshold 0.11760857949257192 for model Openstack_e6_k3_l8_b96
2026-03-11 20:29:22,935 - INFO - Loading checkpoint from /home/qinxuan.shi/Desktop/Ensemble/checkpoints/ensemble_os/Openstack_e6_k3_l8_b96_checkpoint.pth
2026-03-11 20:29:23,217 - INFO - Energy shape for this model: (15500,)
2026-03-11 20:29:23,217 - INFO - 
=== Predicting with model 37/81: e6_k4_l3_b32 ===
2026-03-11 20:29:23,437 - WARNING - Checkpoint not found: /home/qinxuan.shi/Desktop/Ensemble/checkpoints/ensemble_os/Openstack_e6_k4_l3_b32_checkpoint.pth, skipping this model.
2026-03-11 20:29:23,437 - INFO - 
=== Predicting with model 38/81: e6_k4_l3_b64 ===
2026-03-11 20:29:23,671 - WARNING - Checkpoint not found: /home/qinxuan.shi/Desktop/Ensemble/checkpoints/ensemble_os/Openstack_e6_k4_l3_b64_checkpoint.pth, skipping this model.
2026-03-11 20:29:23,671 - INFO - 
=== Predicting with model 39/81: e6_k4_l3_b96 ===
2026-03-11 20:29:23,907 - WARNING - Checkpoint not found: /home/qinxuan.shi/Desktop/Ensemble/checkpoints/ensemble_os/Openstack_e6_k4_l3_b96_checkpoint.pth, skipping this model.
2026-03-11 20:29:23,907 - INFO - 
=== Predicting with model 40/81: e6_k4_l6_b32 ===
2026-03-11 20:29:24,378 - WARNING - Checkpoint not found: /home/qinxuan.shi/Desktop/Ensemble/checkpoints/ensemble_os/Openstack_e6_k4_l6_b32_checkpoint.pth, skipping this model.
2026-03-11 20:29:24,378 - INFO - 
=== Predicting with model 41/81: e6_k4_l6_b64 ===
2026-03-11 20:29:24,807 - WARNING - Checkpoint not found: /home/qinxuan.shi/Desktop/Ensemble/checkpoints/ensemble_os/Openstack_e6_k4_l6_b64_checkpoint.pth, skipping this model.
2026-03-11 20:29:24,807 - INFO - 
=== Predicting with model 42/81: e6_k4_l6_b96 ===
2026-03-11 20:29:25,241 - WARNING - Checkpoint not found: /home/qinxuan.shi/Desktop/Ensemble/checkpoints/ensemble_os/Openstack_e6_k4_l6_b96_checkpoint.pth, skipping this model.
2026-03-11 20:29:25,241 - INFO - 
=== Predicting with model 43/81: e6_k4_l8_b32 ===
2026-03-11 20:29:25,859 - WARNING - Checkpoint not found: /home/qinxuan.shi/Desktop/Ensemble/checkpoints/ensemble_os/Openstack_e6_k4_l8_b32_checkpoint.pth, skipping this model.
2026-03-11 20:29:25,859 - INFO - 
=== Predicting with model 44/81: e6_k4_l8_b64 ===
2026-03-11 20:29:26,444 - WARNING - Checkpoint not found: /home/qinxuan.shi/Desktop/Ensemble/checkpoints/ensemble_os/Openstack_e6_k4_l8_b64_checkpoint.pth, skipping this model.
2026-03-11 20:29:26,445 - INFO - 
=== Predicting with model 45/81: e6_k4_l8_b96 ===
2026-03-11 20:29:27,052 - WARNING - Checkpoint not found: /home/qinxuan.shi/Desktop/Ensemble/checkpoints/ensemble_os/Openstack_e6_k4_l8_b96_checkpoint.pth, skipping this model.
2026-03-11 20:29:27,052 - INFO - 
=== Predicting with model 46/81: e6_k5_l3_b32 ===
2026-03-11 20:29:27,287 - INFO - Using threshold 0.04056652200222078 for model Openstack_e6_k5_l3_b32
2026-03-11 20:29:27,287 - INFO - Loading checkpoint from /home/qinxuan.shi/Desktop/Ensemble/checkpoints/ensemble_os/Openstack_e6_k5_l3_b32_checkpoint.pth
2026-03-11 20:29:27,403 - INFO - Energy shape for this model: (15500,)
2026-03-11 20:29:27,404 - INFO - 
=== Predicting with model 47/81: e6_k5_l3_b64 ===
2026-03-11 20:29:27,619 - INFO - Using threshold 0.05002413659393945 for model Openstack_e6_k5_l3_b64
2026-03-11 20:29:27,619 - INFO - Loading checkpoint from /home/qinxuan.shi/Desktop/Ensemble/checkpoints/ensemble_os/Openstack_e6_k5_l3_b64_checkpoint.pth
2026-03-11 20:29:27,736 - INFO - Energy shape for this model: (15500,)
2026-03-11 20:29:27,736 - INFO - 
=== Predicting with model 48/81: e6_k5_l3_b96 ===
2026-03-11 20:29:27,948 - INFO - Using threshold 0.2256415974021191 for model Openstack_e6_k5_l3_b96
2026-03-11 20:29:27,949 - INFO - Loading checkpoint from /home/qinxuan.shi/Desktop/Ensemble/checkpoints/ensemble_os/Openstack_e6_k5_l3_b96_checkpoint.pth
2026-03-11 20:29:28,064 - INFO - Energy shape for this model: (15500,)
2026-03-11 20:29:28,064 - INFO - 
=== Predicting with model 49/81: e6_k5_l6_b32 ===
2026-03-11 20:29:28,529 - INFO - Using threshold 0.08787575894594919 for model Openstack_e6_k5_l6_b32
2026-03-11 20:29:28,529 - INFO - Loading checkpoint from /home/qinxuan.shi/Desktop/Ensemble/checkpoints/ensemble_os/Openstack_e6_k5_l6_b32_checkpoint.pth
2026-03-11 20:29:28,747 - INFO - Energy shape for this model: (15500,)
2026-03-11 20:29:28,747 - INFO - 
=== Predicting with model 50/81: e6_k5_l6_b64 ===
2026-03-11 20:29:29,193 - INFO - Using threshold 0.11285981063246767 for model Openstack_e6_k5_l6_b64
2026-03-11 20:29:29,193 - INFO - Loading checkpoint from /home/qinxuan.shi/Desktop/Ensemble/checkpoints/ensemble_os/Openstack_e6_k5_l6_b64_checkpoint.pth
2026-03-11 20:29:29,404 - INFO - Energy shape for this model: (15500,)
2026-03-11 20:29:29,404 - INFO - 
=== Predicting with model 51/81: e6_k5_l6_b96 ===
2026-03-11 20:29:29,827 - INFO - Using threshold 0.04619344100952554 for model Openstack_e6_k5_l6_b96
2026-03-11 20:29:29,828 - INFO - Loading checkpoint from /home/qinxuan.shi/Desktop/Ensemble/checkpoints/ensemble_os/Openstack_e6_k5_l6_b96_checkpoint.pth
2026-03-11 20:29:30,041 - INFO - Energy shape for this model: (15500,)
2026-03-11 20:29:30,041 - INFO - 
=== Predicting with model 52/81: e6_k5_l8_b32 ===
2026-03-11 20:29:30,585 - INFO - Using threshold 0.06615430977940731 for model Openstack_e6_k5_l8_b32
2026-03-11 20:29:30,585 - INFO - Loading checkpoint from /home/qinxuan.shi/Desktop/Ensemble/checkpoints/ensemble_os/Openstack_e6_k5_l8_b32_checkpoint.pth
2026-03-11 20:29:30,856 - INFO - Energy shape for this model: (15500,)
2026-03-11 20:29:30,856 - INFO - 
=== Predicting with model 53/81: e6_k5_l8_b64 ===
2026-03-11 20:29:31,399 - INFO - Using threshold 0.13650403152704316 for model Openstack_e6_k5_l8_b64
2026-03-11 20:29:31,399 - INFO - Loading checkpoint from /home/qinxuan.shi/Desktop/Ensemble/checkpoints/ensemble_os/Openstack_e6_k5_l8_b64_checkpoint.pth
2026-03-11 20:29:31,671 - INFO - Energy shape for this model: (15500,)
2026-03-11 20:29:31,671 - INFO - 
=== Predicting with model 54/81: e6_k5_l8_b96 ===
2026-03-11 20:29:32,238 - INFO - Using threshold 0.11748210145235098 for model Openstack_e6_k5_l8_b96
2026-03-11 20:29:32,238 - INFO - Loading checkpoint from /home/qinxuan.shi/Desktop/Ensemble/checkpoints/ensemble_os/Openstack_e6_k5_l8_b96_checkpoint.pth
2026-03-11 20:29:32,511 - INFO - Energy shape for this model: (15500,)
2026-03-11 20:29:32,511 - INFO - 
=== Predicting with model 55/81: e10_k3_l3_b32 ===
2026-03-11 20:29:32,723 - INFO - Using threshold 0.02155070570558365 for model Openstack_e10_k3_l3_b32
2026-03-11 20:29:32,723 - INFO - Loading checkpoint from /home/qinxuan.shi/Desktop/Ensemble/checkpoints/ensemble_os/Openstack_e10_k3_l3_b32_checkpoint.pth
2026-03-11 20:29:32,837 - INFO - Energy shape for this model: (15500,)
2026-03-11 20:29:32,838 - INFO - 
=== Predicting with model 56/81: e10_k3_l3_b64 ===
2026-03-11 20:29:33,051 - INFO - Using threshold 0.034597701591253964 for model Openstack_e10_k3_l3_b64
2026-03-11 20:29:33,051 - INFO - Loading checkpoint from /home/qinxuan.shi/Desktop/Ensemble/checkpoints/ensemble_os/Openstack_e10_k3_l3_b64_checkpoint.pth
2026-03-11 20:29:33,166 - INFO - Energy shape for this model: (15500,)
2026-03-11 20:29:33,167 - INFO - 
=== Predicting with model 57/81: e10_k3_l3_b96 ===
2026-03-11 20:29:33,374 - INFO - Using threshold 0.09402083911895802 for model Openstack_e10_k3_l3_b96
2026-03-11 20:29:33,374 - INFO - Loading checkpoint from /home/qinxuan.shi/Desktop/Ensemble/checkpoints/ensemble_os/Openstack_e10_k3_l3_b96_checkpoint.pth
2026-03-11 20:29:33,489 - INFO - Energy shape for this model: (15500,)
2026-03-11 20:29:33,489 - INFO - 
=== Predicting with model 58/81: e10_k3_l6_b32 ===
2026-03-11 20:29:33,901 - INFO - Using threshold 0.06527535663843188 for model Openstack_e10_k3_l6_b32
2026-03-11 20:29:33,901 - INFO - Loading checkpoint from /home/qinxuan.shi/Desktop/Ensemble/checkpoints/ensemble_os/Openstack_e10_k3_l6_b32_checkpoint.pth
2026-03-11 20:29:34,106 - INFO - Energy shape for this model: (15500,)
2026-03-11 20:29:34,106 - INFO - 
=== Predicting with model 59/81: e10_k3_l6_b64 ===
2026-03-11 20:29:34,520 - INFO - Using threshold 0.11585166103840137 for model Openstack_e10_k3_l6_b64
2026-03-11 20:29:34,520 - INFO - Loading checkpoint from /home/qinxuan.shi/Desktop/Ensemble/checkpoints/ensemble_os/Openstack_e10_k3_l6_b64_checkpoint.pth
2026-03-11 20:29:34,727 - INFO - Energy shape for this model: (15500,)
2026-03-11 20:29:34,727 - INFO - 
=== Predicting with model 60/81: e10_k3_l6_b96 ===
2026-03-11 20:29:35,143 - INFO - Using threshold 0.11288296157717764 for model Openstack_e10_k3_l6_b96
2026-03-11 20:29:35,143 - INFO - Loading checkpoint from /home/qinxuan.shi/Desktop/Ensemble/checkpoints/ensemble_os/Openstack_e10_k3_l6_b96_checkpoint.pth
2026-03-11 20:29:35,350 - INFO - Energy shape for this model: (15500,)
2026-03-11 20:29:35,350 - INFO - 
=== Predicting with model 61/81: e10_k3_l8_b32 ===
2026-03-11 20:29:35,929 - INFO - Using threshold 0.06870936787128505 for model Openstack_e10_k3_l8_b32
2026-03-11 20:29:35,929 - INFO - Loading checkpoint from /home/qinxuan.shi/Desktop/Ensemble/checkpoints/ensemble_os/Openstack_e10_k3_l8_b32_checkpoint.pth
2026-03-11 20:29:36,204 - INFO - Energy shape for this model: (15500,)
2026-03-11 20:29:36,204 - INFO - 
=== Predicting with model 62/81: e10_k3_l8_b64 ===
2026-03-11 20:29:36,759 - INFO - Using threshold 0.08296245067715663 for model Openstack_e10_k3_l8_b64
2026-03-11 20:29:36,759 - INFO - Loading checkpoint from /home/qinxuan.shi/Desktop/Ensemble/checkpoints/ensemble_os/Openstack_e10_k3_l8_b64_checkpoint.pth
2026-03-11 20:29:37,032 - INFO - Energy shape for this model: (15500,)
2026-03-11 20:29:37,033 - INFO - 
=== Predicting with model 63/81: e10_k3_l8_b96 ===
